INFO:werkzeug:[31m[1mWARNING: This is a development server. Do not use it in a production deployment. Use a production WSGI server instead.[0m
 * Running on http://127.0.0.1:5000
INFO:werkzeug:[33mPress CTRL+C to quit[0m
INFO:werkzeug: * Restarting with watchdog (windowsapi)
WARNING:werkzeug: * Debugger is active!
INFO:werkzeug: * Debugger PIN: 428-776-401
INFO:werkzeug: * Detected change in 'C:\\Users\\cv203792\\AppData\\Local\\anaconda3\\Lib\\site-packages\\sortedcontainers\\__init__.py', reloading
INFO:werkzeug: * Detected change in 'C:\\Users\\cv203792\\AppData\\Local\\anaconda3\\Lib\\site-packages\\sortedcontainers\\sortedlist.py', reloading
INFO:werkzeug: * Detected change in 'C:\\Users\\cv203792\\AppData\\Local\\anaconda3\\Lib\\site-packages\\sortedcontainers\\sortedset.py', reloading
INFO:werkzeug: * Detected change in 'C:\\Users\\cv203792\\AppData\\Local\\anaconda3\\Lib\\site-packages\\sortedcontainers\\sorteddict.py', reloading
INFO:werkzeug: * Detected change in 'C:\\Users\\cv203792\\AppData\\Local\\anaconda3\\Lib\\site-packages\\soupsieve\\__init__.py', reloading
INFO:werkzeug: * Detected change in 'C:\\Users\\cv203792\\AppData\\Local\\anaconda3\\Lib\\site-packages\\soupsieve\\util.py', reloading
INFO:werkzeug: * Detected change in 'C:\\Users\\cv203792\\AppData\\Local\\anaconda3\\Lib\\site-packages\\sphinx\\__init__.py', reloading
INFO:werkzeug: * Detected change in 'C:\\Users\\cv203792\\AppData\\Local\\anaconda3\\Lib\\site-packages\\spyder\\__init__.py', reloading
INFO:werkzeug: * Detected change in 'C:\\Users\\cv203792\\AppData\\Local\\anaconda3\\Lib\\site-packages\\spyder_kernels\\__init__.py', reloading
INFO:werkzeug: * Detected change in 'C:\\Users\\cv203792\\AppData\\Local\\anaconda3\\Lib\\site-packages\\sqlalchemy\\__init__.py', reloading
INFO:werkzeug: * Detected change in 'C:\\Users\\cv203792\\AppData\\Local\\anaconda3\\Lib\\site-packages\\stack_data\\__init__.py', reloading
INFO:werkzeug: * Detected change in 'C:\\Users\\cv203792\\AppData\\Local\\anaconda3\\Lib\\site-packages\\statsmodels\\__init__.py', reloading
INFO:werkzeug: * Detected change in 'C:\\Users\\cv203792\\AppData\\Local\\anaconda3\\Lib\\site-packages\\statsmodels\\_version.py', reloading
INFO:werkzeug: * Detected change in 'C:\\Users\\cv203792\\AppData\\Local\\anaconda3\\Lib\\site-packages\\tables\\__init__.py', reloading
INFO:werkzeug: * Detected change in 'C:\\Users\\cv203792\\AppData\\Local\\anaconda3\\Lib\\site-packages\\tables\\atom.py', reloading
INFO:werkzeug: * Detected change in 'C:\\Users\\cv203792\\AppData\\Local\\anaconda3\\Lib\\site-packages\\tables\\description.py', reloading
INFO:werkzeug: * Detected change in 'C:\\Users\\cv203792\\AppData\\Local\\anaconda3\\Lib\\site-packages\\tables\\exceptions.py', reloading
INFO:werkzeug: * Detected change in 'C:\\Users\\cv203792\\AppData\\Local\\anaconda3\\Lib\\site-packages\\tables\\misc\\enum.py', reloading
INFO:werkzeug: * Detected change in 'C:\\Users\\cv203792\\AppData\\Local\\anaconda3\\Lib\\site-packages\\tables\\flavor.py', reloading
INFO:werkzeug: * Detected change in 'C:\\Users\\cv203792\\AppData\\Local\\anaconda3\\Lib\\site-packages\\tables\\filters.py', reloading
INFO:werkzeug: * Detected change in 'C:\\Users\\cv203792\\AppData\\Local\\anaconda3\\Lib\\site-packages\\tables\\file.py', reloading
INFO:werkzeug: * Detected change in 'C:\\Users\\cv203792\\AppData\\Local\\anaconda3\\Lib\\site-packages\\tables\\node.py', reloading
INFO:werkzeug: * Detected change in 'C:\\Users\\cv203792\\AppData\\Local\\anaconda3\\Lib\\site-packages\\tables\\group.py', reloading
INFO:werkzeug: * Detected change in 'C:\\Users\\cv203792\\AppData\\Local\\anaconda3\\Lib\\site-packages\\tables\\leaf.py', reloading
INFO:werkzeug: * Detected change in 'C:\\Users\\cv203792\\AppData\\Local\\anaconda3\\Lib\\site-packages\\tables\\table.py', reloading
INFO:werkzeug: * Detected change in 'C:\\Users\\cv203792\\AppData\\Local\\anaconda3\\Lib\\site-packages\\tables\\array.py', reloading
INFO:werkzeug: * Detected change in 'C:\\Users\\cv203792\\AppData\\Local\\anaconda3\\Lib\\site-packages\\tables\\carray.py', reloading
INFO:werkzeug: * Detected change in 'C:\\Users\\cv203792\\AppData\\Local\\anaconda3\\Lib\\site-packages\\tables\\earray.py', reloading
INFO:werkzeug: * Detected change in 'C:\\Users\\cv203792\\AppData\\Local\\anaconda3\\Lib\\site-packages\\tables\\vlarray.py', reloading
INFO:werkzeug: * Detected change in 'C:\\Users\\cv203792\\AppData\\Local\\anaconda3\\Lib\\site-packages\\tables\\unimplemented.py', reloading
INFO:werkzeug: * Detected change in 'C:\\Users\\cv203792\\AppData\\Local\\anaconda3\\Lib\\site-packages\\tables\\expression.py', reloading
INFO:werkzeug: * Detected change in 'C:\\Users\\cv203792\\AppData\\Local\\anaconda3\\Lib\\site-packages\\tables\\tests\\__init__.py', reloading
INFO:werkzeug: * Detected change in 'C:\\Users\\cv203792\\AppData\\Local\\anaconda3\\Lib\\site-packages\\tables\\tests\\common.py', reloading
INFO:werkzeug: * Detected change in 'C:\\Users\\cv203792\\AppData\\Local\\anaconda3\\Lib\\site-packages\\tables\\tests\\test_suite.py', reloading
INFO:werkzeug: * Detected change in 'C:\\Users\\cv203792\\AppData\\Local\\anaconda3\\Lib\\site-packages\\tbb\\__init__.py', reloading
INFO:werkzeug: * Detected change in 'C:\\Users\\cv203792\\AppData\\Local\\anaconda3\\Lib\\site-packages\\tbb\\api.py', reloading
INFO:werkzeug: * Detected change in 'C:\\Users\\cv203792\\AppData\\Local\\anaconda3\\Lib\\site-packages\\tbb\\pool.py', reloading
INFO:werkzeug: * Detected change in 'C:\\Users\\cv203792\\AppData\\Local\\anaconda3\\Lib\\site-packages\\tblib\\__init__.py', reloading
INFO:werkzeug: * Detected change in 'C:\\Users\\cv203792\\AppData\\Local\\anaconda3\\Lib\\site-packages\\tenacity\\__init__.py', reloading
INFO:werkzeug: * Detected change in 'C:\\Users\\cv203792\\AppData\\Local\\anaconda3\\Lib\\site-packages\\tenacity\\retry.py', reloading
INFO:werkzeug: * Detected change in 'C:\\Users\\cv203792\\AppData\\Local\\anaconda3\\Lib\\site-packages\\tenacity\\nap.py', reloading
INFO:werkzeug: * Detected change in 'C:\\Users\\cv203792\\AppData\\Local\\anaconda3\\Lib\\site-packages\\tenacity\\stop.py', reloading
INFO:werkzeug: * Detected change in 'C:\\Users\\cv203792\\AppData\\Local\\anaconda3\\Lib\\site-packages\\tenacity\\wait.py', reloading
INFO:werkzeug: * Detected change in 'C:\\Users\\cv203792\\AppData\\Local\\anaconda3\\Lib\\site-packages\\tenacity\\before.py', reloading
INFO:werkzeug: * Detected change in 'C:\\Users\\cv203792\\AppData\\Local\\anaconda3\\Lib\\site-packages\\tenacity\\after.py', reloading
INFO:werkzeug: * Detected change in 'C:\\Users\\cv203792\\AppData\\Local\\anaconda3\\Lib\\site-packages\\tenacity\\before_sleep.py', reloading
INFO:werkzeug: * Detected change in 'C:\\Users\\cv203792\\AppData\\Local\\anaconda3\\Lib\\site-packages\\tenacity\\_asyncio.py', reloading
INFO:werkzeug: * Detected change in 'C:\\Users\\cv203792\\AppData\\Local\\anaconda3\\Lib\\site-packages\\terminado\\__init__.py', reloading
INFO:werkzeug: * Detected change in 'C:\\Users\\cv203792\\AppData\\Local\\anaconda3\\Lib\\site-packages\\textdistance\\__init__.py', reloading
INFO:werkzeug: * Detected change in 'C:\\Users\\cv203792\\AppData\\Local\\anaconda3\\Lib\\site-packages\\text_unidecode\\__init__.py', reloading
INFO:werkzeug: * Detected change in 'C:\\Users\\cv203792\\AppData\\Local\\anaconda3\\Lib\\site-packages\\three_merge\\__init__.py', reloading
INFO:werkzeug: * Detected change in 'C:\\Users\\cv203792\\AppData\\Local\\anaconda3\\Lib\\site-packages\\tifffile\\__init__.py', reloading
INFO:werkzeug: * Detected change in 'C:\\Users\\cv203792\\AppData\\Local\\anaconda3\\Lib\\site-packages\\tifffile\\tifffile.py', reloading
INFO:werkzeug: * Detected change in 'C:\\Users\\cv203792\\AppData\\Local\\anaconda3\\Lib\\site-packages\\tinycss2\\__init__.py', reloading
INFO:werkzeug: * Detected change in 'C:\\Users\\cv203792\\AppData\\Local\\anaconda3\\Lib\\site-packages\\tldextract\\__init__.py', reloading
INFO:werkzeug: * Detected change in 'C:\\Users\\cv203792\\AppData\\Local\\anaconda3\\Lib\\site-packages\\tlz\\__init__.py', reloading
INFO:werkzeug: * Detected change in 'C:\\Users\\cv203792\\AppData\\Local\\anaconda3\\Lib\\site-packages\\tomlkit\\__init__.py', reloading
INFO:werkzeug: * Detected change in 'C:\\Users\\cv203792\\AppData\\Local\\anaconda3\\Lib\\site-packages\\tomlkit\\api.py', reloading
INFO:werkzeug: * Detected change in 'C:\\Users\\cv203792\\AppData\\Local\\anaconda3\\Lib\\site-packages\\tomlkit\\items.py', reloading
INFO:werkzeug: * Detected change in 'C:\\Users\\cv203792\\AppData\\Local\\anaconda3\\Lib\\site-packages\\toolz\\__init__.py', reloading
INFO:werkzeug: * Detected change in 'C:\\Users\\cv203792\\AppData\\Local\\anaconda3\\Lib\\site-packages\\tornado\\__init__.py', reloading
INFO:werkzeug: * Detected change in 'C:\\Users\\cv203792\\AppData\\Local\\anaconda3\\Lib\\site-packages\\traitlets\\__init__.py', reloading
INFO:werkzeug: * Detected change in 'C:\\Users\\cv203792\\AppData\\Local\\anaconda3\\Lib\\site-packages\\traitlets\\traitlets.py', reloading
INFO:werkzeug: * Detected change in 'C:\\Users\\cv203792\\AppData\\Local\\anaconda3\\Lib\\site-packages\\traittypes\\__init__.py', reloading
INFO:werkzeug: * Detected change in 'C:\\Users\\cv203792\\AppData\\Local\\anaconda3\\Lib\\site-packages\\transformers\\__init__.py', reloading
INFO:werkzeug: * Detected change in 'C:\\Users\\cv203792\\AppData\\Local\\anaconda3\\Lib\\site-packages\\twisted\\__init__.py', reloading
INFO:werkzeug: * Detected change in 'C:\\Users\\cv203792\\AppData\\Local\\anaconda3\\Lib\\site-packages\\tzdata\\__init__.py', reloading
INFO:werkzeug: * Detected change in 'C:\\Users\\cv203792\\AppData\\Local\\anaconda3\\Lib\\site-packages\\uc_micro\\__init__.py', reloading
INFO:werkzeug: * Detected change in 'C:\\Users\\cv203792\\AppData\\Local\\anaconda3\\Lib\\site-packages\\urllib3\\__init__.py', reloading
INFO:werkzeug: * Detected change in 'C:\\Users\\cv203792\\AppData\\Local\\anaconda3\\Lib\\site-packages\\urllib3\\connectionpool.py', reloading
INFO:werkzeug: * Detected change in 'C:\\Users\\cv203792\\AppData\\Local\\anaconda3\\Lib\\site-packages\\urllib3\\filepost.py', reloading
INFO:werkzeug: * Detected change in 'C:\\Users\\cv203792\\AppData\\Local\\anaconda3\\Lib\\site-packages\\urllib3\\poolmanager.py', reloading
INFO:werkzeug: * Detected change in 'C:\\Users\\cv203792\\AppData\\Local\\anaconda3\\Lib\\site-packages\\urllib3\\response.py', reloading
INFO:werkzeug: * Detected change in 'C:\\Users\\cv203792\\AppData\\Local\\anaconda3\\Lib\\site-packages\\urllib3\\util\\request.py', reloading
INFO:werkzeug: * Detected change in 'C:\\Users\\cv203792\\AppData\\Local\\anaconda3\\Lib\\site-packages\\urllib3\\util\\retry.py', reloading
INFO:werkzeug: * Detected change in 'C:\\Users\\cv203792\\AppData\\Local\\anaconda3\\Lib\\site-packages\\urllib3\\util\\timeout.py', reloading
INFO:werkzeug: * Detected change in 'C:\\Users\\cv203792\\AppData\\Local\\anaconda3\\Lib\\site-packages\\urllib3\\util\\url.py', reloading
INFO:werkzeug: * Detected change in 'C:\\Users\\cv203792\\AppData\\Local\\anaconda3\\Lib\\site-packages\\w3lib\\__init__.py', reloading
INFO:werkzeug: * Detected change in 'C:\\Users\\cv203792\\AppData\\Local\\anaconda3\\Lib\\site-packages\\watchdog\\__init__.py', reloading
INFO:werkzeug: * Detected change in 'C:\\Users\\cv203792\\AppData\\Local\\anaconda3\\Lib\\site-packages\\wcwidth\\__init__.py', reloading
INFO:werkzeug: * Detected change in 'C:\\Users\\cv203792\\AppData\\Local\\anaconda3\\Lib\\site-packages\\wcwidth\\wcwidth.py', reloading
INFO:werkzeug: * Detected change in 'C:\\Users\\cv203792\\AppData\\Local\\anaconda3\\Lib\\site-packages\\wcwidth\\unicode_versions.py', reloading
INFO:werkzeug: * Detected change in 'C:\\Users\\cv203792\\AppData\\Local\\anaconda3\\Lib\\site-packages\\webencodings\\__init__.py', reloading
INFO:werkzeug: * Detected change in 'C:\\Users\\cv203792\\AppData\\Local\\anaconda3\\Lib\\site-packages\\websocket\\__init__.py', reloading
INFO:werkzeug: * Detected change in 'C:\\Users\\cv203792\\AppData\\Local\\anaconda3\\Lib\\site-packages\\werkzeug\\__init__.py', reloading
INFO:werkzeug: * Detected change in 'C:\\Users\\cv203792\\AppData\\Local\\anaconda3\\Lib\\site-packages\\werkzeug\\serving.py', reloading
INFO:werkzeug: * Detected change in 'C:\\Users\\cv203792\\AppData\\Local\\anaconda3\\Lib\\site-packages\\werkzeug\\test.py', reloading
INFO:werkzeug: * Detected change in 'C:\\Users\\cv203792\\AppData\\Local\\anaconda3\\Lib\\site-packages\\werkzeug\\wrappers\\request.py', reloading
INFO:werkzeug: * Detected change in 'C:\\Users\\cv203792\\AppData\\Local\\anaconda3\\Lib\\site-packages\\wheel\\__init__.py', reloading
INFO:werkzeug: * Detected change in 'C:\\Users\\cv203792\\AppData\\Local\\anaconda3\\Lib\\site-packages\\widgetsnbextension\\__init__.py', reloading
INFO:werkzeug: * Detected change in 'C:\\Users\\cv203792\\AppData\\Local\\anaconda3\\Lib\\site-packages\\win32ctypes\\__init__.py', reloading
INFO:werkzeug: * Detected change in 'C:\\Users\\cv203792\\AppData\\Local\\anaconda3\\Lib\\site-packages\\winpty\\__init__.py', reloading
INFO:werkzeug: * Detected change in 'C:\\Users\\cv203792\\AppData\\Local\\anaconda3\\Lib\\site-packages\\wrapt\\__init__.py', reloading
INFO:werkzeug: * Detected change in 'C:\\Users\\cv203792\\AppData\\Local\\anaconda3\\Lib\\site-packages\\xarray\\__init__.py', reloading
INFO:werkzeug: * Detected change in 'C:\\Users\\cv203792\\AppData\\Local\\anaconda3\\Lib\\site-packages\\xarray\\backends\\api.py', reloading
INFO:werkzeug: * Restarting with watchdog (windowsapi)
WARNING:werkzeug: * Debugger is active!
INFO:werkzeug: * Debugger PIN: 428-776-401
INFO:werkzeug: * Detected change in 'C:\\Users\\cv203792\\AppData\\Local\\anaconda3\\Lib\\site-packages\\pylint\\extensions\\eq_without_hash.py', reloading
INFO:werkzeug: * Restarting with watchdog (windowsapi)
WARNING:werkzeug: * Debugger is active!
INFO:werkzeug: * Debugger PIN: 428-776-401
INFO:werkzeug: * Detected change in 'C:\\Users\\cv203792\\AppData\\Local\\anaconda3\\Lib\\site-packages\\pylint\\extensions\\for_any_all.py', reloading
INFO:werkzeug: * Restarting with watchdog (windowsapi)
WARNING:werkzeug: * Debugger is active!
INFO:werkzeug: * Debugger PIN: 428-776-401
INFO:werkzeug: * Detected change in 'C:\\Users\\cv203792\\AppData\\Local\\anaconda3\\Lib\\site-packages\\pylint\\extensions\\magic_value.py', reloading
INFO:werkzeug: * Restarting with watchdog (windowsapi)
WARNING:werkzeug: * Debugger is active!
INFO:werkzeug: * Debugger PIN: 428-776-401
INFO:werkzeug: * Detected change in 'C:\\Users\\cv203792\\AppData\\Local\\anaconda3\\Lib\\site-packages\\pylint\\extensions\\mccabe.py', reloading
INFO:werkzeug: * Restarting with watchdog (windowsapi)
WARNING:werkzeug: * Debugger is active!
INFO:werkzeug: * Debugger PIN: 428-776-401
INFO:werkzeug: * Detected change in 'C:\\Users\\cv203792\\AppData\\Local\\anaconda3\\Lib\\site-packages\\pylint\\extensions\\no_self_use.py', reloading
INFO:werkzeug: * Restarting with watchdog (windowsapi)
WARNING:werkzeug: * Debugger is active!
INFO:werkzeug: * Debugger PIN: 428-776-401
INFO:werkzeug: * Detected change in 'C:\\Users\\cv203792\\AppData\\Local\\anaconda3\\Lib\\site-packages\\pylint\\extensions\\overlapping_exceptions.py', reloading
INFO:werkzeug: * Restarting with watchdog (windowsapi)
WARNING:werkzeug: * Debugger is active!
INFO:werkzeug: * Debugger PIN: 428-776-401
INFO:werkzeug: * Detected change in 'C:\\Users\\cv203792\\AppData\\Local\\anaconda3\\Lib\\site-packages\\pylint\\extensions\\private_import.py', reloading
INFO:werkzeug: * Restarting with watchdog (windowsapi)
WARNING:werkzeug: * Debugger is active!
INFO:werkzeug: * Debugger PIN: 428-776-401
INFO:werkzeug: * Detected change in 'C:\\Users\\cv203792\\AppData\\Local\\anaconda3\\Lib\\site-packages\\pylint\\extensions\\redefined_loop_name.py', reloading
INFO:werkzeug: * Restarting with watchdog (windowsapi)
WARNING:werkzeug: * Debugger is active!
INFO:werkzeug: * Debugger PIN: 428-776-401
INFO:werkzeug: * Detected change in 'C:\\Users\\cv203792\\AppData\\Local\\anaconda3\\Lib\\site-packages\\pylint\\extensions\\redefined_variable_type.py', reloading
INFO:werkzeug: * Restarting with watchdog (windowsapi)
WARNING:werkzeug: * Debugger is active!
INFO:werkzeug: * Debugger PIN: 428-776-401
INFO:werkzeug: * Detected change in 'C:\\Users\\cv203792\\AppData\\Local\\anaconda3\\Lib\\site-packages\\pylint\\extensions\\set_membership.py', reloading
INFO:werkzeug: * Restarting with watchdog (windowsapi)
WARNING:werkzeug: * Debugger is active!
INFO:werkzeug: * Debugger PIN: 428-776-401
INFO:werkzeug: * Detected change in 'C:\\Users\\cv203792\\AppData\\Local\\anaconda3\\Lib\\site-packages\\pylint\\extensions\\typing.py', reloading
INFO:werkzeug: * Restarting with watchdog (windowsapi)
WARNING:werkzeug: * Debugger is active!
INFO:werkzeug: * Debugger PIN: 428-776-401
INFO:werkzeug: * Detected change in 'C:\\Users\\cv203792\\AppData\\Local\\anaconda3\\Lib\\site-packages\\pylint\\extensions\\_check_docs_utils.py', reloading
INFO:werkzeug: * Restarting with watchdog (windowsapi)
WARNING:werkzeug: * Debugger is active!
INFO:werkzeug: * Debugger PIN: 428-776-401
INFO:werkzeug: * Detected change in 'C:\\Users\\cv203792\\AppData\\Local\\anaconda3\\Lib\\site-packages\\pylint\\extensions\\__init__.py', reloading
INFO:werkzeug: * Restarting with watchdog (windowsapi)
WARNING:werkzeug: * Debugger is active!
INFO:werkzeug: * Debugger PIN: 428-776-401
INFO:werkzeug: * Detected change in 'C:\\Users\\cv203792\\AppData\\Local\\anaconda3\\Lib\\site-packages\\pylint\\lint\\base_options.py', reloading
INFO:werkzeug: * Restarting with watchdog (windowsapi)
WARNING:werkzeug: * Debugger is active!
INFO:werkzeug: * Debugger PIN: 428-776-401
INFO:werkzeug: * Detected change in 'C:\\Users\\cv203792\\AppData\\Local\\anaconda3\\Lib\\site-packages\\pylint\\lint\\caching.py', reloading
INFO:werkzeug: * Restarting with watchdog (windowsapi)
WARNING:werkzeug: * Debugger is active!
INFO:werkzeug: * Debugger PIN: 428-776-401
INFO:werkzeug: * Detected change in 'C:\\Users\\cv203792\\AppData\\Local\\anaconda3\\Lib\\site-packages\\pylint\\lint\\expand_modules.py', reloading
INFO:werkzeug: * Restarting with watchdog (windowsapi)
WARNING:werkzeug: * Debugger is active!
INFO:werkzeug: * Debugger PIN: 428-776-401
INFO:werkzeug: * Detected change in 'C:\\Users\\cv203792\\AppData\\Local\\anaconda3\\Lib\\site-packages\\pylint\\lint\\parallel.py', reloading
INFO:werkzeug: * Restarting with watchdog (windowsapi)
WARNING:werkzeug: * Debugger is active!
INFO:werkzeug: * Debugger PIN: 428-776-401
INFO:werkzeug: * Detected change in 'C:\\Users\\cv203792\\AppData\\Local\\anaconda3\\Lib\\site-packages\\pylint\\lint\\pylinter.py', reloading
INFO:werkzeug: * Restarting with watchdog (windowsapi)
WARNING:werkzeug: * Debugger is active!
INFO:werkzeug: * Debugger PIN: 428-776-401
INFO:werkzeug: * Detected change in 'C:\\Users\\cv203792\\AppData\\Local\\anaconda3\\Lib\\site-packages\\pylint\\lint\\report_functions.py', reloading
INFO:werkzeug: * Restarting with watchdog (windowsapi)
WARNING:werkzeug: * Debugger is active!
INFO:werkzeug: * Debugger PIN: 428-776-401
INFO:werkzeug: * Detected change in 'C:\\Users\\cv203792\\AppData\\Local\\anaconda3\\Lib\\site-packages\\pylint\\lint\\run.py', reloading
INFO:werkzeug: * Restarting with watchdog (windowsapi)
WARNING:werkzeug: * Debugger is active!
INFO:werkzeug: * Debugger PIN: 428-776-401
INFO:werkzeug: * Detected change in 'C:\\Users\\cv203792\\AppData\\Local\\anaconda3\\Lib\\site-packages\\pylint\\lint\\__init__.py', reloading
INFO:werkzeug: * Restarting with watchdog (windowsapi)
WARNING:werkzeug: * Debugger is active!
INFO:werkzeug: * Debugger PIN: 428-776-401
INFO:werkzeug: * Detected change in 'C:\\Users\\cv203792\\AppData\\Local\\anaconda3\\Lib\\site-packages\\pylint\\message\\message_definition.py', reloading
INFO:werkzeug: * Restarting with watchdog (windowsapi)
WARNING:werkzeug: * Debugger is active!
INFO:werkzeug: * Debugger PIN: 428-776-401
INFO:werkzeug: * Detected change in 'C:\\Users\\cv203792\\AppData\\Local\\anaconda3\\Lib\\site-packages\\pylint\\message\\message_definition_store.py', reloading
INFO:werkzeug: * Restarting with watchdog (windowsapi)
WARNING:werkzeug: * Debugger is active!
INFO:werkzeug: * Debugger PIN: 428-776-401
INFO:werkzeug: * Detected change in 'C:\\Users\\cv203792\\AppData\\Local\\anaconda3\\Lib\\site-packages\\pylint\\message\\_deleted_message_ids.py', reloading
INFO:werkzeug: * Restarting with watchdog (windowsapi)
WARNING:werkzeug: * Debugger is active!
INFO:werkzeug: * Debugger PIN: 428-776-401
INFO:werkzeug: * Detected change in 'C:\\Users\\cv203792\\AppData\\Local\\anaconda3\\Lib\\site-packages\\pylint\\message\\__init__.py', reloading
INFO:werkzeug: * Restarting with watchdog (windowsapi)
WARNING:werkzeug: * Debugger is active!
INFO:werkzeug: * Debugger PIN: 428-776-401
INFO:werkzeug: * Detected change in 'C:\\Users\\cv203792\\AppData\\Local\\anaconda3\\Lib\\site-packages\\pylint\\pyreverse\\diadefslib.py', reloading
INFO:werkzeug: * Restarting with watchdog (windowsapi)
WARNING:werkzeug: * Debugger is active!
INFO:werkzeug: * Debugger PIN: 428-776-401
INFO:werkzeug: * Detected change in 'C:\\Users\\cv203792\\AppData\\Local\\anaconda3\\Lib\\site-packages\\pylint\\pyreverse\\dot_printer.py', reloading
INFO:werkzeug: * Restarting with watchdog (windowsapi)
WARNING:werkzeug: * Debugger is active!
INFO:werkzeug: * Debugger PIN: 428-776-401
INFO:werkzeug: * Detected change in 'C:\\Users\\cv203792\\AppData\\Local\\anaconda3\\Lib\\site-packages\\pylint\\pyreverse\\inspector.py', reloading
INFO:werkzeug: * Restarting with watchdog (windowsapi)
WARNING:werkzeug: * Debugger is active!
INFO:werkzeug: * Debugger PIN: 428-776-401
INFO:werkzeug: * Detected change in 'C:\\Users\\cv203792\\AppData\\Local\\anaconda3\\Lib\\site-packages\\pylint\\pyreverse\\main.py', reloading
INFO:werkzeug: * Restarting with watchdog (windowsapi)
WARNING:werkzeug: * Debugger is active!
INFO:werkzeug: * Debugger PIN: 428-776-401
INFO:werkzeug: * Detected change in 'C:\\Users\\cv203792\\AppData\\Local\\anaconda3\\Lib\\site-packages\\pylint\\pyreverse\\plantuml_printer.py', reloading
INFO:werkzeug: * Restarting with watchdog (windowsapi)
WARNING:werkzeug: * Debugger is active!
INFO:werkzeug: * Debugger PIN: 428-776-401
INFO:werkzeug: * Detected change in 'C:\\Users\\cv203792\\AppData\\Local\\anaconda3\\Lib\\site-packages\\pylint\\pyreverse\\printer.py', reloading
INFO:werkzeug: * Restarting with watchdog (windowsapi)
WARNING:werkzeug: * Debugger is active!
INFO:werkzeug: * Debugger PIN: 428-776-401
INFO:werkzeug: * Detected change in 'C:\\Users\\cv203792\\AppData\\Local\\anaconda3\\Lib\\site-packages\\pylint\\pyreverse\\printer_factory.py', reloading
INFO:werkzeug: * Restarting with watchdog (windowsapi)
WARNING:werkzeug: * Debugger is active!
INFO:werkzeug: * Debugger PIN: 428-776-401
INFO:werkzeug: * Detected change in 'C:\\Users\\cv203792\\AppData\\Local\\anaconda3\\Lib\\site-packages\\pylint\\pyreverse\\utils.py', reloading
INFO:werkzeug: * Restarting with watchdog (windowsapi)
WARNING:werkzeug: * Debugger is active!
INFO:werkzeug: * Debugger PIN: 428-776-401
INFO:werkzeug: * Detected change in 'C:\\Users\\cv203792\\AppData\\Local\\anaconda3\\Lib\\site-packages\\pylint\\pyreverse\\vcg_printer.py', reloading
INFO:werkzeug: * Restarting with watchdog (windowsapi)
WARNING:werkzeug: * Debugger is active!
INFO:werkzeug: * Debugger PIN: 428-776-401
INFO:werkzeug: * Detected change in 'C:\\Users\\cv203792\\AppData\\Local\\anaconda3\\Lib\\site-packages\\pylint\\pyreverse\\writer.py', reloading
INFO:werkzeug: * Restarting with watchdog (windowsapi)
WARNING:werkzeug: * Debugger is active!
INFO:werkzeug: * Debugger PIN: 428-776-401
INFO:werkzeug: * Detected change in 'C:\\Users\\cv203792\\AppData\\Local\\anaconda3\\Lib\\site-packages\\pylint\\reporters\\base_reporter.py', reloading
INFO:werkzeug: * Restarting with watchdog (windowsapi)
WARNING:werkzeug: * Debugger is active!
INFO:werkzeug: * Debugger PIN: 428-776-401
INFO:werkzeug: * Detected change in 'C:\\Users\\cv203792\\AppData\\Local\\anaconda3\\Lib\\site-packages\\pylint\\reporters\\collecting_reporter.py', reloading
INFO:werkzeug: * Restarting with watchdog (windowsapi)
WARNING:werkzeug: * Debugger is active!
INFO:werkzeug: * Debugger PIN: 428-776-401
INFO:werkzeug: * Detected change in 'C:\\Users\\cv203792\\AppData\\Local\\anaconda3\\Lib\\site-packages\\pylint\\reporters\\json_reporter.py', reloading
INFO:werkzeug: * Restarting with watchdog (windowsapi)
WARNING:werkzeug: * Debugger is active!
INFO:werkzeug: * Debugger PIN: 428-776-401
INFO:werkzeug: * Detected change in 'C:\\Users\\cv203792\\AppData\\Local\\anaconda3\\Lib\\site-packages\\pylint\\reporters\\reports_handler_mix_in.py', reloading
INFO:werkzeug: * Restarting with watchdog (windowsapi)
WARNING:werkzeug: * Debugger is active!
INFO:werkzeug: * Debugger PIN: 428-776-401
INFO:werkzeug: * Detected change in 'C:\\Users\\cv203792\\AppData\\Local\\anaconda3\\Lib\\site-packages\\pylint\\reporters\\text.py', reloading
INFO:werkzeug: * Restarting with watchdog (windowsapi)
WARNING:werkzeug: * Debugger is active!
INFO:werkzeug: * Debugger PIN: 428-776-401
INFO:werkzeug: * Detected change in 'C:\\Users\\cv203792\\AppData\\Local\\anaconda3\\Lib\\site-packages\\pylint\\reporters\\__init__.py', reloading
INFO:werkzeug: * Restarting with watchdog (windowsapi)
WARNING:werkzeug: * Debugger is active!
INFO:werkzeug: * Debugger PIN: 428-776-401
INFO:werkzeug: * Detected change in 'C:\\Users\\cv203792\\AppData\\Local\\anaconda3\\Lib\\site-packages\\pylint\\testutils\\configuration_test.py', reloading
INFO:werkzeug: * Restarting with watchdog (windowsapi)
WARNING:werkzeug: * Debugger is active!
INFO:werkzeug: * Debugger PIN: 428-776-401
INFO:werkzeug: * Detected change in 'C:\\Users\\cv203792\\AppData\\Local\\anaconda3\\Lib\\site-packages\\pylint\\testutils\\constants.py', reloading
INFO:werkzeug: * Restarting with watchdog (windowsapi)
WARNING:werkzeug: * Debugger is active!
INFO:werkzeug: * Debugger PIN: 428-776-401
INFO:werkzeug: * Detected change in 'C:\\Users\\cv203792\\AppData\\Local\\anaconda3\\Lib\\site-packages\\pylint\\testutils\\functional_test_file.py', reloading
INFO:werkzeug: * Restarting with watchdog (windowsapi)
WARNING:werkzeug: * Debugger is active!
INFO:werkzeug: * Debugger PIN: 428-776-401
INFO:werkzeug: * Detected change in 'C:\\Users\\cv203792\\AppData\\Local\\anaconda3\\Lib\\site-packages\\pylint\\testutils\\get_test_info.py', reloading
INFO:werkzeug: * Restarting with watchdog (windowsapi)
WARNING:werkzeug: * Debugger is active!
INFO:werkzeug: * Debugger PIN: 428-776-401
INFO:werkzeug: * Detected change in 'C:\\Users\\cv203792\\AppData\\Local\\anaconda3\\Lib\\site-packages\\pylint\\testutils\\global_test_linter.py', reloading
INFO:werkzeug: * Restarting with watchdog (windowsapi)
WARNING:werkzeug: * Debugger is active!
INFO:werkzeug: * Debugger PIN: 428-776-401
INFO:werkzeug: * Detected change in 'C:\\Users\\cv203792\\AppData\\Local\\anaconda3\\Lib\\site-packages\\pylint\\testutils\\lint_module_test.py', reloading
INFO:werkzeug: * Restarting with watchdog (windowsapi)
WARNING:werkzeug: * Debugger is active!
INFO:werkzeug: * Debugger PIN: 428-776-401
INFO:werkzeug: * Detected change in 'C:\\Users\\cv203792\\AppData\\Local\\anaconda3\\Lib\\site-packages\\pylint\\testutils\\output_line.py', reloading
INFO:werkzeug: * Restarting with watchdog (windowsapi)
WARNING:werkzeug: * Debugger is active!
INFO:werkzeug: * Debugger PIN: 428-776-401
INFO:werkzeug: * Detected change in 'C:\\Users\\cv203792\\AppData\\Local\\anaconda3\\Lib\\site-packages\\pylint\\testutils\\reporter_for_tests.py', reloading
INFO:werkzeug: * Restarting with watchdog (windowsapi)
WARNING:werkzeug: * Debugger is active!
INFO:werkzeug: * Debugger PIN: 428-776-401
INFO:werkzeug: * Detected change in 'C:\\Users\\cv203792\\AppData\\Local\\anaconda3\\Lib\\site-packages\\pylint\\testutils\\tokenize_str.py', reloading
INFO:werkzeug: * Restarting with watchdog (windowsapi)
WARNING:werkzeug: * Debugger is active!
INFO:werkzeug: * Debugger PIN: 428-776-401
INFO:werkzeug: * Detected change in 'C:\\Users\\cv203792\\AppData\\Local\\anaconda3\\Lib\\site-packages\\pylint\\testutils\\unittest_linter.py', reloading
INFO:werkzeug: * Restarting with watchdog (windowsapi)
WARNING:werkzeug: * Debugger is active!
INFO:werkzeug: * Debugger PIN: 428-776-401
INFO:werkzeug: * Detected change in 'C:\\Users\\cv203792\\AppData\\Local\\anaconda3\\Lib\\site-packages\\pylint\\testutils\\utils.py', reloading
INFO:werkzeug: * Restarting with watchdog (windowsapi)
WARNING:werkzeug: * Debugger is active!
INFO:werkzeug: * Debugger PIN: 428-776-401
INFO:werkzeug: * Detected change in 'C:\\Users\\cv203792\\AppData\\Local\\anaconda3\\Lib\\site-packages\\pylint\\testutils\\_run.py', reloading
INFO:werkzeug: * Restarting with watchdog (windowsapi)
WARNING:werkzeug: * Debugger is active!
INFO:werkzeug: * Debugger PIN: 428-776-401
INFO:werkzeug: * Detected change in 'C:\\Users\\cv203792\\AppData\\Local\\anaconda3\\Lib\\site-packages\\pylint\\testutils\\__init__.py', reloading
INFO:werkzeug: * Restarting with watchdog (windowsapi)
WARNING:werkzeug: * Debugger is active!
INFO:werkzeug: * Debugger PIN: 428-776-401
INFO:werkzeug: * Detected change in 'C:\\Users\\cv203792\\AppData\\Local\\anaconda3\\Lib\\site-packages\\pylint\\utils\\ast_walker.py', reloading
INFO:werkzeug: * Restarting with watchdog (windowsapi)
WARNING:werkzeug: * Debugger is active!
INFO:werkzeug: * Debugger PIN: 428-776-401
INFO:werkzeug: * Detected change in 'C:\\Users\\cv203792\\AppData\\Local\\anaconda3\\Lib\\site-packages\\pylint\\utils\\docs.py', reloading
INFO:werkzeug: * Restarting with watchdog (windowsapi)
WARNING:werkzeug: * Debugger is active!
INFO:werkzeug: * Debugger PIN: 428-776-401
INFO:werkzeug: * Detected change in 'C:\\Users\\cv203792\\AppData\\Local\\anaconda3\\Lib\\site-packages\\pylint\\utils\\file_state.py', reloading
INFO:werkzeug: * Restarting with watchdog (windowsapi)
WARNING:werkzeug: * Debugger is active!
INFO:werkzeug: * Debugger PIN: 428-776-401
INFO:werkzeug: * Detected change in 'C:\\Users\\cv203792\\AppData\\Local\\anaconda3\\Lib\\site-packages\\pylint\\utils\\pragma_parser.py', reloading
INFO:werkzeug: * Restarting with watchdog (windowsapi)
WARNING:werkzeug: * Debugger is active!
INFO:werkzeug: * Debugger PIN: 428-776-401
INFO:werkzeug: * Detected change in 'C:\\Users\\cv203792\\AppData\\Local\\anaconda3\\Lib\\site-packages\\pylint\\utils\\utils.py', reloading
INFO:werkzeug: * Restarting with watchdog (windowsapi)
WARNING:werkzeug: * Debugger is active!
INFO:werkzeug: * Debugger PIN: 428-776-401
INFO:werkzeug: * Detected change in 'C:\\Users\\cv203792\\AppData\\Local\\anaconda3\\Lib\\site-packages\\pylint\\utils\\__init__.py', reloading
INFO:werkzeug: * Restarting with watchdog (windowsapi)
WARNING:werkzeug: * Debugger is active!
INFO:werkzeug: * Debugger PIN: 428-776-401
INFO:werkzeug: * Detected change in 'C:\\Users\\cv203792\\AppData\\Local\\anaconda3\\Lib\\site-packages\\pylsp\\config\\config.py', reloading
INFO:werkzeug: * Restarting with watchdog (windowsapi)
WARNING:werkzeug: * Debugger is active!
INFO:werkzeug: * Debugger PIN: 428-776-401
INFO:werkzeug: * Detected change in 'C:\\Users\\cv203792\\AppData\\Local\\anaconda3\\Lib\\site-packages\\pylsp\\config\\flake8_conf.py', reloading
INFO:werkzeug: * Restarting with watchdog (windowsapi)
WARNING:werkzeug: * Debugger is active!
INFO:werkzeug: * Debugger PIN: 428-776-401
INFO:werkzeug: * Detected change in 'C:\\Users\\cv203792\\AppData\\Local\\anaconda3\\Lib\\site-packages\\pylsp\\config\\pycodestyle_conf.py', reloading
INFO:werkzeug: * Restarting with watchdog (windowsapi)
WARNING:werkzeug: * Debugger is active!
INFO:werkzeug: * Debugger PIN: 428-776-401
INFO:werkzeug: * Detected change in 'C:\\Users\\cv203792\\AppData\\Local\\anaconda3\\Lib\\site-packages\\pylsp\\config\\__init__.py', reloading
INFO:werkzeug: * Restarting with watchdog (windowsapi)
WARNING:werkzeug: * Debugger is active!
INFO:werkzeug: * Debugger PIN: 428-776-401
INFO:werkzeug: * Detected change in 'C:\\Users\\cv203792\\AppData\\Local\\anaconda3\\Lib\\site-packages\\pylsp\\plugins\\autopep8_format.py', reloading
INFO:werkzeug: * Restarting with watchdog (windowsapi)
WARNING:werkzeug: * Debugger is active!
INFO:werkzeug: * Debugger PIN: 428-776-401
INFO:werkzeug: * Detected change in 'C:\\Users\\cv203792\\AppData\\Local\\anaconda3\\Lib\\site-packages\\pylsp\\plugins\\definition.py', reloading
INFO:werkzeug: * Restarting with watchdog (windowsapi)
WARNING:werkzeug: * Debugger is active!
INFO:werkzeug: * Debugger PIN: 428-776-401
INFO:werkzeug: * Detected change in 'C:\\Users\\cv203792\\AppData\\Local\\anaconda3\\Lib\\site-packages\\pylsp\\plugins\\flake8_lint.py', reloading
INFO:werkzeug: * Restarting with watchdog (windowsapi)
WARNING:werkzeug: * Debugger is active!
INFO:werkzeug: * Debugger PIN: 428-776-401
INFO:werkzeug: * Detected change in 'C:\\Users\\cv203792\\AppData\\Local\\anaconda3\\Lib\\site-packages\\pylsp\\plugins\\folding.py', reloading
INFO:werkzeug: * Restarting with watchdog (windowsapi)
WARNING:werkzeug: * Debugger is active!
INFO:werkzeug: * Debugger PIN: 428-776-401
INFO:werkzeug: * Detected change in 'C:\\Users\\cv203792\\AppData\\Local\\anaconda3\\Lib\\site-packages\\pylsp\\plugins\\highlight.py', reloading
INFO:werkzeug: * Restarting with watchdog (windowsapi)
WARNING:werkzeug: * Debugger is active!
INFO:werkzeug: * Debugger PIN: 428-776-401
INFO:werkzeug: * Detected change in 'C:\\Users\\cv203792\\AppData\\Local\\anaconda3\\Lib\\site-packages\\pylsp\\plugins\\hover.py', reloading
INFO:werkzeug: * Restarting with watchdog (windowsapi)
WARNING:werkzeug: * Debugger is active!
INFO:werkzeug: * Debugger PIN: 428-776-401
INFO:werkzeug: * Detected change in 'C:\\Users\\cv203792\\AppData\\Local\\anaconda3\\Lib\\site-packages\\pylsp\\plugins\\jedi_rename.py', reloading
INFO:werkzeug: * Restarting with watchdog (windowsapi)
WARNING:werkzeug: * Debugger is active!
INFO:werkzeug: * Debugger PIN: 428-776-401
INFO:werkzeug: * Detected change in 'C:\\Users\\cv203792\\AppData\\Local\\anaconda3\\Lib\\site-packages\\pylsp\\plugins\\mccabe_lint.py', reloading
INFO:werkzeug: * Restarting with watchdog (windowsapi)
WARNING:werkzeug: * Debugger is active!
INFO:werkzeug: * Debugger PIN: 428-776-401
INFO:werkzeug: * Detected change in 'C:\\Users\\cv203792\\AppData\\Local\\anaconda3\\Lib\\site-packages\\pylsp\\plugins\\preload_imports.py', reloading
INFO:werkzeug: * Restarting with watchdog (windowsapi)
WARNING:werkzeug: * Debugger is active!
INFO:werkzeug: * Debugger PIN: 428-776-401
INFO:werkzeug: * Detected change in 'C:\\Users\\cv203792\\AppData\\Local\\anaconda3\\Lib\\site-packages\\pylsp\\plugins\\pycodestyle_lint.py', reloading
INFO:werkzeug: * Restarting with watchdog (windowsapi)
WARNING:werkzeug: * Debugger is active!
INFO:werkzeug: * Debugger PIN: 428-776-401
INFO:werkzeug: * Detected change in 'C:\\Users\\cv203792\\AppData\\Local\\anaconda3\\Lib\\site-packages\\pylsp\\plugins\\pyflakes_lint.py', reloading
INFO:werkzeug: * Restarting with watchdog (windowsapi)
WARNING:werkzeug: * Debugger is active!
INFO:werkzeug: * Debugger PIN: 428-776-401
INFO:werkzeug: * Detected change in 'C:\\Users\\cv203792\\AppData\\Local\\anaconda3\\Lib\\site-packages\\pylsp\\plugins\\pylint_lint.py', reloading
INFO:werkzeug: * Restarting with watchdog (windowsapi)
WARNING:werkzeug: * Debugger is active!
INFO:werkzeug: * Debugger PIN: 428-776-401
INFO:werkzeug: * Detected change in 'C:\\Users\\cv203792\\AppData\\Local\\anaconda3\\Lib\\site-packages\\pylsp\\plugins\\references.py', reloading
INFO:werkzeug: * Restarting with watchdog (windowsapi)
WARNING:werkzeug: * Debugger is active!
INFO:werkzeug: * Debugger PIN: 428-776-401
INFO:werkzeug: * Detected change in 'C:\\Users\\cv203792\\AppData\\Local\\anaconda3\\Lib\\site-packages\\pylsp\\plugins\\rope_completion.py', reloading
INFO:werkzeug: * Restarting with watchdog (windowsapi)
WARNING:werkzeug: * Debugger is active!
INFO:werkzeug: * Debugger PIN: 428-776-401
INFO:werkzeug: * Detected change in 'C:\\Users\\cv203792\\AppData\\Local\\anaconda3\\Lib\\site-packages\\pylsp\\plugins\\rope_rename.py', reloading
INFO:werkzeug: * Restarting with watchdog (windowsapi)
WARNING:werkzeug: * Debugger is active!
INFO:werkzeug: * Debugger PIN: 428-776-401
INFO:werkzeug: * Detected change in 'C:\\Users\\cv203792\\AppData\\Local\\anaconda3\\Lib\\site-packages\\pylsp\\plugins\\symbols.py', reloading
INFO:werkzeug: * Restarting with watchdog (windowsapi)
WARNING:werkzeug: * Debugger is active!
INFO:werkzeug: * Debugger PIN: 428-776-401
INFO:werkzeug: * Detected change in 'C:\\Users\\cv203792\\AppData\\Local\\anaconda3\\Lib\\site-packages\\pylsp\\plugins\\yapf_format.py', reloading
INFO:werkzeug: * Restarting with watchdog (windowsapi)
WARNING:werkzeug: * Debugger is active!
INFO:werkzeug: * Debugger PIN: 428-776-401
INFO:werkzeug: * Detected change in 'C:\\Users\\cv203792\\AppData\\Local\\anaconda3\\Lib\\site-packages\\pylsp\\plugins\\_resolvers.py', reloading
INFO:werkzeug: * Restarting with watchdog (windowsapi)
WARNING:werkzeug: * Debugger is active!
INFO:werkzeug: * Debugger PIN: 428-776-401
INFO:werkzeug: * Detected change in 'C:\\Users\\cv203792\\AppData\\Local\\anaconda3\\Lib\\site-packages\\pylsp\\plugins\\_rope_task_handle.py', reloading
INFO:werkzeug: * Restarting with watchdog (windowsapi)
WARNING:werkzeug: * Debugger is active!
INFO:werkzeug: * Debugger PIN: 428-776-401
INFO:werkzeug: * Detected change in 'C:\\Users\\cv203792\\AppData\\Local\\anaconda3\\Lib\\site-packages\\pylsp\\plugins\\__init__.py', reloading
INFO:werkzeug: * Restarting with watchdog (windowsapi)
WARNING:werkzeug: * Debugger is active!
INFO:werkzeug: * Debugger PIN: 428-776-401
INFO:werkzeug: * Detected change in 'C:\\Users\\cv203792\\AppData\\Local\\anaconda3\\Lib\\site-packages\\pyparsing\\diagram\\__init__.py', reloading
INFO:werkzeug: * Restarting with watchdog (windowsapi)
WARNING:werkzeug: * Debugger is active!
INFO:werkzeug: * Debugger PIN: 428-776-401
INFO:werkzeug: * Detected change in 'C:\\Users\\cv203792\\AppData\\Local\\anaconda3\\Lib\\site-packages\\PyQt5\\uic\\driver.py', reloading
INFO:werkzeug: * Restarting with watchdog (windowsapi)
WARNING:werkzeug: * Debugger is active!
INFO:werkzeug: * Debugger PIN: 428-776-401
INFO:werkzeug: * Detected change in 'C:\\Users\\cv203792\\AppData\\Local\\anaconda3\\Lib\\site-packages\\PyQt5\\uic\\exceptions.py', reloading
INFO:werkzeug: * Restarting with watchdog (windowsapi)
WARNING:werkzeug: * Debugger is active!
INFO:werkzeug: * Debugger PIN: 428-776-401
INFO:werkzeug: * Detected change in 'C:\\Users\\cv203792\\AppData\\Local\\anaconda3\\Lib\\site-packages\\PyQt5\\uic\\icon_cache.py', reloading
INFO:werkzeug: * Restarting with watchdog (windowsapi)
WARNING:werkzeug: * Debugger is active!
INFO:werkzeug: * Debugger PIN: 428-776-401
INFO:werkzeug: * Detected change in 'C:\\Users\\cv203792\\AppData\\Local\\anaconda3\\Lib\\site-packages\\PyQt5\\uic\\properties.py', reloading
INFO:werkzeug: * Restarting with watchdog (windowsapi)
WARNING:werkzeug: * Debugger is active!
INFO:werkzeug: * Debugger PIN: 428-776-401
INFO:werkzeug: * Detected change in 'C:\\Users\\cv203792\\AppData\\Local\\anaconda3\\Lib\\site-packages\\PyQt5\\uic\\uiparser.py', reloading
INFO:werkzeug: * Restarting with watchdog (windowsapi)
WARNING:werkzeug: * Debugger is active!
INFO:werkzeug: * Debugger PIN: 428-776-401
INFO:werkzeug: * Detected change in 'C:\\Users\\cv203792\\AppData\\Local\\anaconda3\\Lib\\site-packages\\PyQt5\\uic\\__init__.py', reloading
INFO:werkzeug: * Restarting with watchdog (windowsapi)
WARNING:werkzeug: * Debugger is active!
INFO:werkzeug: * Debugger PIN: 428-776-401
INFO:werkzeug: * Detected change in 'C:\\Users\\cv203792\\AppData\\Local\\anaconda3\\Lib\\site-packages\\pytoolconfig\\sources\\ini.py', reloading
INFO:werkzeug: * Restarting with watchdog (windowsapi)
WARNING:werkzeug: * Debugger is active!
INFO:werkzeug: * Debugger PIN: 428-776-401
INFO:werkzeug: * Detected change in 'C:\\Users\\cv203792\\AppData\\Local\\anaconda3\\Lib\\site-packages\\pytoolconfig\\sources\\pyproject.py', reloading
INFO:werkzeug: * Restarting with watchdog (windowsapi)
WARNING:werkzeug: * Debugger is active!
INFO:werkzeug: * Debugger PIN: 428-776-401
INFO:werkzeug: * Detected change in 'C:\\Users\\cv203792\\AppData\\Local\\anaconda3\\Lib\\site-packages\\pytoolconfig\\sources\\pytool.py', reloading
INFO:werkzeug: * Restarting with watchdog (windowsapi)
WARNING:werkzeug: * Debugger is active!
INFO:werkzeug: * Debugger PIN: 428-776-401
INFO:werkzeug: * Detected change in 'C:\\Users\\cv203792\\AppData\\Local\\anaconda3\\Lib\\site-packages\\pytoolconfig\\sources\\setup_cfg.py', reloading
INFO:werkzeug: * Restarting with watchdog (windowsapi)
WARNING:werkzeug: * Debugger is active!
INFO:werkzeug: * Debugger PIN: 428-776-401
INFO:werkzeug: * Detected change in 'C:\\Users\\cv203792\\AppData\\Local\\anaconda3\\Lib\\site-packages\\pytoolconfig\\sources\\source.py', reloading
INFO:werkzeug: * Restarting with watchdog (windowsapi)
WARNING:werkzeug: * Debugger is active!
INFO:werkzeug: * Debugger PIN: 428-776-401
INFO:werkzeug: * Detected change in 'C:\\Users\\cv203792\\AppData\\Local\\anaconda3\\Lib\\site-packages\\pytoolconfig\\sources\\__init__.py', reloading
INFO:werkzeug: * Restarting with watchdog (windowsapi)
WARNING:werkzeug: * Debugger is active!
INFO:werkzeug: * Debugger PIN: 428-776-401
INFO:werkzeug: * Detected change in 'C:\\Users\\cv203792\\AppData\\Local\\anaconda3\\Lib\\site-packages\\pyviz_comms\\tests\\test_extension.py', reloading
INFO:werkzeug: * Restarting with watchdog (windowsapi)
WARNING:werkzeug: * Debugger is active!
INFO:werkzeug: * Debugger PIN: 428-776-401
INFO:werkzeug: * Detected change in 'C:\\Users\\cv203792\\AppData\\Local\\anaconda3\\Lib\\site-packages\\pywt\\data\\create_dat.py', reloading
INFO:werkzeug: * Restarting with watchdog (windowsapi)
WARNING:werkzeug: * Debugger is active!
INFO:werkzeug: * Debugger PIN: 428-776-401
INFO:werkzeug: * Detected change in 'C:\\Users\\cv203792\\AppData\\Local\\anaconda3\\Lib\\site-packages\\pywt\\data\\_readers.py', reloading
INFO:werkzeug: * Restarting with watchdog (windowsapi)
WARNING:werkzeug: * Debugger is active!
INFO:werkzeug: * Debugger PIN: 428-776-401
INFO:werkzeug: * Detected change in 'C:\\Users\\cv203792\\AppData\\Local\\anaconda3\\Lib\\site-packages\\pywt\\data\\_wavelab_signals.py', reloading
INFO:werkzeug: * Restarting with watchdog (windowsapi)
WARNING:werkzeug: * Debugger is active!
INFO:werkzeug: * Debugger PIN: 428-776-401
INFO:werkzeug: * Detected change in 'C:\\Users\\cv203792\\AppData\\Local\\anaconda3\\Lib\\site-packages\\pywt\\data\\__init__.py', reloading
INFO:werkzeug: * Restarting with watchdog (windowsapi)
WARNING:werkzeug: * Debugger is active!
INFO:werkzeug: * Debugger PIN: 428-776-401
INFO:werkzeug: * Detected change in 'C:\\Users\\cv203792\\AppData\\Local\\anaconda3\\Lib\\site-packages\\pywt\\tests\\test_concurrent.py', reloading
INFO:werkzeug: * Restarting with watchdog (windowsapi)
WARNING:werkzeug: * Debugger is active!
INFO:werkzeug: * Debugger PIN: 428-776-401
INFO:werkzeug: * Detected change in 'C:\\Users\\cv203792\\AppData\\Local\\anaconda3\\Lib\\site-packages\\pywt\\tests\\test_data.py', reloading
INFO:werkzeug: * Restarting with watchdog (windowsapi)
WARNING:werkzeug: * Debugger is active!
INFO:werkzeug: * Debugger PIN: 428-776-401
INFO:werkzeug: * Detected change in 'C:\\Users\\cv203792\\AppData\\Local\\anaconda3\\Lib\\site-packages\\pywt\\tests\\test_deprecations.py', reloading
INFO:werkzeug: * Restarting with watchdog (windowsapi)
WARNING:werkzeug: * Debugger is active!
INFO:werkzeug: * Debugger PIN: 428-776-401
INFO:werkzeug: * Detected change in 'C:\\Users\\cv203792\\AppData\\Local\\anaconda3\\Lib\\site-packages\\pywt\\tests\\test_dwt_idwt.py', reloading
INFO:werkzeug: * Restarting with watchdog (windowsapi)
WARNING:werkzeug: * Debugger is active!
INFO:werkzeug: * Debugger PIN: 428-776-401
INFO:werkzeug: * Detected change in 'C:\\Users\\cv203792\\AppData\\Local\\anaconda3\\Lib\\site-packages\\pywt\\tests\\test_functions.py', reloading
INFO:werkzeug: * Restarting with watchdog (windowsapi)
WARNING:werkzeug: * Debugger is active!
INFO:werkzeug: * Debugger PIN: 428-776-401
INFO:werkzeug: * Detected change in 'C:\\Users\\cv203792\\AppData\\Local\\anaconda3\\Lib\\site-packages\\pywt\\tests\\test_matlab_compatibility.py', reloading
INFO:werkzeug: * Restarting with watchdog (windowsapi)
WARNING:werkzeug: * Debugger is active!
INFO:werkzeug: * Debugger PIN: 428-776-401
INFO:werkzeug: * Detected change in 'C:\\Users\\cv203792\\AppData\\Local\\anaconda3\\Lib\\site-packages\\pywt\\tests\\test_modes.py', reloading
INFO:werkzeug: * Restarting with watchdog (windowsapi)
WARNING:werkzeug: * Debugger is active!
INFO:werkzeug: * Debugger PIN: 428-776-401
INFO:werkzeug: * Detected change in 'C:\\Users\\cv203792\\AppData\\Local\\anaconda3\\Lib\\site-packages\\pywt\\tests\\test_multidim.py', reloading
INFO:werkzeug: * Restarting with watchdog (windowsapi)
WARNING:werkzeug: * Debugger is active!
INFO:werkzeug: * Debugger PIN: 428-776-401
INFO:werkzeug: * Detected change in 'C:\\Users\\cv203792\\AppData\\Local\\anaconda3\\Lib\\site-packages\\pywt\\tests\\test_multilevel.py', reloading
INFO:werkzeug: * Restarting with watchdog (windowsapi)
WARNING:werkzeug: * Debugger is active!
INFO:werkzeug: * Debugger PIN: 428-776-401
INFO:werkzeug: * Detected change in 'C:\\Users\\cv203792\\AppData\\Local\\anaconda3\\Lib\\site-packages\\pywt\\tests\\test_perfect_reconstruction.py', reloading
INFO:werkzeug: * Restarting with watchdog (windowsapi)
WARNING:werkzeug: * Debugger is active!
INFO:werkzeug: * Debugger PIN: 428-776-401
INFO:werkzeug: * Detected change in 'C:\\Users\\cv203792\\AppData\\Local\\anaconda3\\Lib\\site-packages\\pywt\\tests\\test_swt.py', reloading
INFO:werkzeug: * Restarting with watchdog (windowsapi)
WARNING:werkzeug: * Debugger is active!
INFO:werkzeug: * Debugger PIN: 428-776-401
INFO:werkzeug: * Detected change in 'C:\\Users\\cv203792\\AppData\\Local\\anaconda3\\Lib\\site-packages\\pywt\\tests\\test_thresholding.py', reloading
INFO:werkzeug: * Restarting with watchdog (windowsapi)
WARNING:werkzeug: * Debugger is active!
INFO:werkzeug: * Debugger PIN: 428-776-401
INFO:werkzeug: * Detected change in 'C:\\Users\\cv203792\\AppData\\Local\\anaconda3\\Lib\\site-packages\\pywt\\tests\\test_wavelet.py', reloading
INFO:werkzeug: * Restarting with watchdog (windowsapi)
WARNING:werkzeug: * Debugger is active!
INFO:werkzeug: * Debugger PIN: 428-776-401
INFO:werkzeug: * Detected change in 'C:\\Users\\cv203792\\AppData\\Local\\anaconda3\\Lib\\site-packages\\pywt\\tests\\test_wp.py', reloading
INFO:werkzeug: * Restarting with watchdog (windowsapi)
WARNING:werkzeug: * Debugger is active!
INFO:werkzeug: * Debugger PIN: 428-776-401
INFO:werkzeug: * Detected change in 'C:\\Users\\cv203792\\AppData\\Local\\anaconda3\\Lib\\site-packages\\pywt\\tests\\test_wp2d.py', reloading
INFO:werkzeug: * Restarting with watchdog (windowsapi)
WARNING:werkzeug: * Debugger is active!
INFO:werkzeug: * Debugger PIN: 428-776-401
INFO:werkzeug: * Detected change in 'C:\\Users\\cv203792\\AppData\\Local\\anaconda3\\Lib\\site-packages\\pywt\\tests\\test_wpnd.py', reloading
INFO:werkzeug: * Restarting with watchdog (windowsapi)
WARNING:werkzeug: * Debugger is active!
INFO:werkzeug: * Debugger PIN: 428-776-401
INFO:werkzeug: * Detected change in 'C:\\Users\\cv203792\\AppData\\Local\\anaconda3\\Lib\\site-packages\\pywt\\tests\\test__pywt.py', reloading
INFO:werkzeug: * Restarting with watchdog (windowsapi)
WARNING:werkzeug: * Debugger is active!
INFO:werkzeug: * Debugger PIN: 428-776-401
INFO:werkzeug: * Detected change in 'C:\\Users\\cv203792\\AppData\\Local\\anaconda3\\Lib\\site-packages\\qdarkstyle\\dark\\palette.py', reloading
INFO:werkzeug: * Restarting with watchdog (windowsapi)
WARNING:werkzeug: * Debugger is active!
INFO:werkzeug: * Debugger PIN: 428-776-401
INFO:werkzeug: * Detected change in 'C:\\Users\\cv203792\\AppData\\Local\\anaconda3\\Lib\\site-packages\\qdarkstyle\\dark\\style_rc.py', reloading
INFO:werkzeug: * Restarting with watchdog (windowsapi)
WARNING:werkzeug: * Debugger is active!
INFO:werkzeug: * Debugger PIN: 428-776-401
INFO:werkzeug: * Detected change in 'C:\\Users\\cv203792\\AppData\\Local\\anaconda3\\Lib\\site-packages\\qdarkstyle\\dark\\__init__.py', reloading
INFO:werkzeug: * Restarting with watchdog (windowsapi)
WARNING:werkzeug: * Debugger is active!
INFO:werkzeug: * Debugger PIN: 428-776-401
INFO:werkzeug: * Detected change in 'C:\\Users\\cv203792\\AppData\\Local\\anaconda3\\Lib\\site-packages\\qdarkstyle\\example\\__init__.py', reloading
INFO:werkzeug: * Restarting with watchdog (windowsapi)
WARNING:werkzeug: * Debugger is active!
INFO:werkzeug: * Debugger PIN: 428-776-401
INFO:werkzeug: * Detected change in 'C:\\Users\\cv203792\\AppData\\Local\\anaconda3\\Lib\\site-packages\\qdarkstyle\\light\\palette.py', reloading
INFO:werkzeug: * Restarting with watchdog (windowsapi)
WARNING:werkzeug: * Debugger is active!
INFO:werkzeug: * Debugger PIN: 428-776-401
INFO:werkzeug: * Detected change in 'C:\\Users\\cv203792\\AppData\\Local\\anaconda3\\Lib\\site-packages\\qdarkstyle\\light\\style_rc.py', reloading
INFO:werkzeug: * Restarting with watchdog (windowsapi)
WARNING:werkzeug: * Debugger is active!
INFO:werkzeug: * Debugger PIN: 428-776-401
INFO:werkzeug: * Detected change in 'C:\\Users\\cv203792\\AppData\\Local\\anaconda3\\Lib\\site-packages\\qdarkstyle\\light\\__init__.py', reloading
INFO:werkzeug: * Restarting with watchdog (windowsapi)
WARNING:werkzeug: * Debugger is active!
INFO:werkzeug: * Debugger PIN: 428-776-401
INFO:werkzeug: * Detected change in 'C:\\Users\\cv203792\\AppData\\Local\\anaconda3\\Lib\\site-packages\\qdarkstyle\\utils\\images.py', reloading
INFO:werkzeug: * Restarting with watchdog (windowsapi)
WARNING:werkzeug: * Debugger is active!
INFO:werkzeug: * Debugger PIN: 428-776-401
INFO:werkzeug: * Detected change in 'C:\\Users\\cv203792\\AppData\\Local\\anaconda3\\Lib\\site-packages\\qdarkstyle\\utils\\scss.py', reloading
INFO:werkzeug: * Restarting with watchdog (windowsapi)
WARNING:werkzeug: * Debugger is active!
INFO:werkzeug: * Debugger PIN: 428-776-401
INFO:werkzeug: * Detected change in 'C:\\Users\\cv203792\\AppData\\Local\\anaconda3\\Lib\\site-packages\\qdarkstyle\\utils\\__init__.py', reloading
INFO:werkzeug: * Restarting with watchdog (windowsapi)
WARNING:werkzeug: * Debugger is active!
INFO:werkzeug: * Debugger PIN: 428-776-401
INFO:werkzeug: * Detected change in 'C:\\Users\\cv203792\\AppData\\Local\\anaconda3\\Lib\\site-packages\\qstylizer\\descriptor\\prop.py', reloading
INFO:werkzeug: * Restarting with watchdog (windowsapi)
WARNING:werkzeug: * Debugger is active!
INFO:werkzeug: * Debugger PIN: 428-776-401
INFO:werkzeug: * Detected change in 'C:\\Users\\cv203792\\AppData\\Local\\anaconda3\\Lib\\site-packages\\qstylizer\\descriptor\\pseudoprop.py', reloading
INFO:werkzeug: * Restarting with watchdog (windowsapi)
WARNING:werkzeug: * Debugger is active!
INFO:werkzeug: * Debugger PIN: 428-776-401
INFO:werkzeug: * Detected change in 'C:\\Users\\cv203792\\AppData\\Local\\anaconda3\\Lib\\site-packages\\qstylizer\\descriptor\\pseudostate.py', reloading
INFO:werkzeug: * Restarting with watchdog (windowsapi)
WARNING:werkzeug: * Debugger is active!
INFO:werkzeug: * Debugger PIN: 428-776-401
INFO:werkzeug: * Detected change in 'C:\\Users\\cv203792\\AppData\\Local\\anaconda3\\Lib\\site-packages\\qstylizer\\descriptor\\qclass.py', reloading
INFO:werkzeug: * Restarting with watchdog (windowsapi)
WARNING:werkzeug: * Debugger is active!
INFO:werkzeug: * Debugger PIN: 428-776-401
INFO:werkzeug: * Detected change in 'C:\\Users\\cv203792\\AppData\\Local\\anaconda3\\Lib\\site-packages\\qstylizer\\descriptor\\stylerule.py', reloading
INFO:werkzeug: * Restarting with watchdog (windowsapi)
WARNING:werkzeug: * Debugger is active!
INFO:werkzeug: * Debugger PIN: 428-776-401
INFO:werkzeug: * Detected change in 'C:\\Users\\cv203792\\AppData\\Local\\anaconda3\\Lib\\site-packages\\qstylizer\\descriptor\\subcontrol.py', reloading
INFO:werkzeug: * Restarting with watchdog (windowsapi)
WARNING:werkzeug: * Debugger is active!
INFO:werkzeug: * Debugger PIN: 428-776-401
INFO:werkzeug: * Detected change in 'C:\\Users\\cv203792\\AppData\\Local\\anaconda3\\Lib\\site-packages\\qstylizer\\descriptor\\__init__.py', reloading
INFO:werkzeug: * Restarting with watchdog (windowsapi)
WARNING:werkzeug: * Debugger is active!
INFO:werkzeug: * Debugger PIN: 428-776-401
INFO:werkzeug: * Detected change in 'C:\\Users\\cv203792\\AppData\\Local\\anaconda3\\Lib\\site-packages\\qtawesome\\tests\\test_icon_browser.py', reloading
INFO:werkzeug: * Restarting with watchdog (windowsapi)
WARNING:werkzeug: * Debugger is active!
INFO:werkzeug: * Debugger PIN: 428-776-401
INFO:werkzeug: * Detected change in 'C:\\Users\\cv203792\\AppData\\Local\\anaconda3\\Lib\\site-packages\\qtawesome\\tests\\test_qtawesome.py', reloading
INFO:werkzeug: * Restarting with watchdog (windowsapi)
WARNING:werkzeug: * Debugger is active!
INFO:werkzeug: * Debugger PIN: 428-776-401
INFO:werkzeug:[31m[1mWARNING: This is a development server. Do not use it in a production deployment. Use a production WSGI server instead.[0m
 * Running on http://127.0.0.1:5000
INFO:werkzeug:[33mPress CTRL+C to quit[0m
INFO:werkzeug: * Restarting with watchdog (windowsapi)
WARNING:werkzeug: * Debugger is active!
INFO:werkzeug: * Debugger PIN: 428-776-401
INFO:werkzeug: * Detected change in 'C:\\Users\\cv203792\\AppData\\Local\\anaconda3\\Lib\\site-packages\\qtpy\\tests\\test_qt3dextras.py', reloading
INFO:werkzeug: * Restarting with watchdog (windowsapi)
WARNING:werkzeug: * Debugger is active!
INFO:werkzeug: * Debugger PIN: 428-776-401
INFO:werkzeug: * Detected change in 'C:\\Users\\cv203792\\AppData\\Local\\anaconda3\\Lib\\site-packages\\qtpy\\tests\\test_qt3dinput.py', reloading
INFO:werkzeug: * Restarting with watchdog (windowsapi)
WARNING:werkzeug: * Debugger is active!
INFO:werkzeug: * Debugger PIN: 428-776-401
INFO:werkzeug: * Detected change in 'C:\\Users\\cv203792\\AppData\\Local\\anaconda3\\Lib\\site-packages\\qtpy\\tests\\test_qt3drender.py', reloading
INFO:werkzeug: * Restarting with watchdog (windowsapi)
WARNING:werkzeug: * Debugger is active!
INFO:werkzeug: * Debugger PIN: 428-776-401
INFO:werkzeug: * Detected change in 'C:\\Users\\cv203792\\AppData\\Local\\anaconda3\\Lib\\site-packages\\qtpy\\tests\\test_qtaxcontainer.py', reloading
INFO:werkzeug: * Restarting with watchdog (windowsapi)
WARNING:werkzeug: * Debugger is active!
INFO:werkzeug: * Debugger PIN: 428-776-401
INFO:werkzeug: * Detected change in 'C:\\Users\\cv203792\\AppData\\Local\\anaconda3\\Lib\\site-packages\\qtpy\\tests\\test_qtcharts.py', reloading
INFO:werkzeug: * Restarting with watchdog (windowsapi)
WARNING:werkzeug: * Debugger is active!
INFO:werkzeug: * Debugger PIN: 428-776-401
INFO:werkzeug: * Detected change in 'C:\\Users\\cv203792\\AppData\\Local\\anaconda3\\Lib\\site-packages\\qtpy\\tests\\test_qtcore.py', reloading
INFO:werkzeug: * Restarting with watchdog (windowsapi)
WARNING:werkzeug: * Debugger is active!
INFO:werkzeug: * Debugger PIN: 428-776-401
INFO:werkzeug: * Detected change in 'C:\\Users\\cv203792\\AppData\\Local\\anaconda3\\Lib\\site-packages\\qtpy\\tests\\test_qtdatavisualization.py', reloading
INFO:werkzeug: * Restarting with watchdog (windowsapi)
WARNING:werkzeug: * Debugger is active!
INFO:werkzeug: * Debugger PIN: 428-776-401
INFO:werkzeug: * Detected change in 'C:\\Users\\cv203792\\AppData\\Local\\anaconda3\\Lib\\site-packages\\qtpy\\tests\\test_qtdesigner.py', reloading
INFO:werkzeug: * Restarting with watchdog (windowsapi)
WARNING:werkzeug: * Debugger is active!
INFO:werkzeug: * Debugger PIN: 428-776-401
INFO:werkzeug: * Detected change in 'C:\\Users\\cv203792\\AppData\\Local\\anaconda3\\Lib\\site-packages\\qtpy\\tests\\test_qtgui.py', reloading
INFO:werkzeug: * Restarting with watchdog (windowsapi)
WARNING:werkzeug: * Debugger is active!
INFO:werkzeug: * Debugger PIN: 428-776-401
INFO:werkzeug: * Detected change in 'C:\\Users\\cv203792\\AppData\\Local\\anaconda3\\Lib\\site-packages\\qtpy\\tests\\test_qtlocation.py', reloading
INFO:werkzeug: * Restarting with watchdog (windowsapi)
WARNING:werkzeug: * Debugger is active!
INFO:werkzeug: * Debugger PIN: 428-776-401
INFO:werkzeug: * Detected change in 'C:\\Users\\cv203792\\AppData\\Local\\anaconda3\\Lib\\site-packages\\qtpy\\tests\\test_qtmacextras.py', reloading
INFO:werkzeug: * Restarting with watchdog (windowsapi)
WARNING:werkzeug: * Debugger is active!
INFO:werkzeug: * Debugger PIN: 428-776-401
INFO:werkzeug: * Detected change in 'C:\\Users\\cv203792\\AppData\\Local\\anaconda3\\Lib\\site-packages\\qtpy\\tests\\test_qtmultimediawidgets.py', reloading
INFO:werkzeug: * Restarting with watchdog (windowsapi)
WARNING:werkzeug: * Debugger is active!
INFO:werkzeug: * Debugger PIN: 428-776-401
INFO:werkzeug: * Detected change in 'C:\\Users\\cv203792\\AppData\\Local\\anaconda3\\Lib\\site-packages\\qtpy\\tests\\test_qtnetwork.py', reloading
INFO:werkzeug: * Restarting with watchdog (windowsapi)
WARNING:werkzeug: * Debugger is active!
INFO:werkzeug: * Debugger PIN: 428-776-401
INFO:werkzeug: * Detected change in 'C:\\Users\\cv203792\\AppData\\Local\\anaconda3\\Lib\\site-packages\\qtpy\\tests\\test_qtopengl.py', reloading
INFO:werkzeug: * Restarting with watchdog (windowsapi)
WARNING:werkzeug: * Debugger is active!
INFO:werkzeug: * Debugger PIN: 428-776-401
INFO:werkzeug: * Detected change in 'C:\\Users\\cv203792\\AppData\\Local\\anaconda3\\Lib\\site-packages\\qtpy\\tests\\test_qtpositioning.py', reloading
INFO:werkzeug: * Restarting with watchdog (windowsapi)
WARNING:werkzeug: * Debugger is active!
INFO:werkzeug: * Debugger PIN: 428-776-401
INFO:werkzeug: * Detected change in 'C:\\Users\\cv203792\\AppData\\Local\\anaconda3\\Lib\\site-packages\\qtpy\\tests\\test_qtpurchasing.py', reloading
INFO:werkzeug: * Restarting with watchdog (windowsapi)
WARNING:werkzeug: * Debugger is active!
INFO:werkzeug: * Debugger PIN: 428-776-401
INFO:werkzeug: * Detected change in 'C:\\Users\\cv203792\\AppData\\Local\\anaconda3\\Lib\\site-packages\\qtpy\\tests\\test_qtquick.py', reloading
INFO:werkzeug: * Restarting with watchdog (windowsapi)
WARNING:werkzeug: * Debugger is active!
INFO:werkzeug: * Debugger PIN: 428-776-401
INFO:werkzeug: * Detected change in 'C:\\Users\\cv203792\\AppData\\Local\\anaconda3\\Lib\\site-packages\\qtpy\\tests\\test_qtquickcontrols2.py', reloading
INFO:werkzeug: * Restarting with watchdog (windowsapi)
WARNING:werkzeug: * Debugger is active!
INFO:werkzeug: * Debugger PIN: 428-776-401
INFO:werkzeug: * Detected change in 'C:\\Users\\cv203792\\AppData\\Local\\anaconda3\\Lib\\site-packages\\qtpy\\tests\\test_qtremoteobjects.py', reloading
INFO:werkzeug: * Restarting with watchdog (windowsapi)
WARNING:werkzeug: * Debugger is active!
INFO:werkzeug: * Debugger PIN: 428-776-401
INFO:werkzeug: * Detected change in 'C:\\Users\\cv203792\\AppData\\Local\\anaconda3\\Lib\\site-packages\\qtpy\\tests\\test_qtsensors.py', reloading
INFO:werkzeug: * Restarting with watchdog (windowsapi)
WARNING:werkzeug: * Debugger is active!
INFO:werkzeug: * Debugger PIN: 428-776-401
INFO:werkzeug: * Detected change in 'C:\\Users\\cv203792\\AppData\\Local\\anaconda3\\Lib\\site-packages\\qtpy\\tests\\test_qtsql.py', reloading
INFO:werkzeug: * Restarting with watchdog (windowsapi)
WARNING:werkzeug: * Debugger is active!
INFO:werkzeug: * Debugger PIN: 428-776-401
INFO:werkzeug: * Detected change in 'C:\\Users\\cv203792\\AppData\\Local\\anaconda3\\Lib\\site-packages\\qtpy\\tests\\test_qtsvg.py', reloading
INFO:werkzeug: * Restarting with watchdog (windowsapi)
WARNING:werkzeug: * Debugger is active!
INFO:werkzeug: * Debugger PIN: 428-776-401
INFO:werkzeug: * Detected change in 'C:\\Users\\cv203792\\AppData\\Local\\anaconda3\\Lib\\site-packages\\qtpy\\tests\\test_qttest.py', reloading
INFO:werkzeug: * Restarting with watchdog (windowsapi)
WARNING:werkzeug: * Debugger is active!
INFO:werkzeug: * Debugger PIN: 428-776-401
INFO:werkzeug: * Detected change in 'C:\\Users\\cv203792\\AppData\\Local\\anaconda3\\Lib\\site-packages\\qtpy\\tests\\test_qtuitools.py', reloading
INFO:werkzeug: * Restarting with watchdog (windowsapi)
WARNING:werkzeug: * Debugger is active!
INFO:werkzeug: * Debugger PIN: 428-776-401
INFO:werkzeug: * Detected change in 'C:\\Users\\cv203792\\AppData\\Local\\anaconda3\\Lib\\site-packages\\qtpy\\tests\\test_qtwebchannel.py', reloading
INFO:werkzeug: * Restarting with watchdog (windowsapi)
WARNING:werkzeug: * Debugger is active!
INFO:werkzeug: * Debugger PIN: 428-776-401
INFO:werkzeug: * Detected change in 'C:\\Users\\cv203792\\AppData\\Local\\anaconda3\\Lib\\site-packages\\qtpy\\tests\\test_qtwebenginequick.py', reloading
INFO:werkzeug: * Restarting with watchdog (windowsapi)
WARNING:werkzeug: * Debugger is active!
INFO:werkzeug: * Debugger PIN: 428-776-401
INFO:werkzeug: * Detected change in 'C:\\Users\\cv203792\\AppData\\Local\\anaconda3\\Lib\\site-packages\\qtpy\\tests\\test_qtwebenginewidgets.py', reloading
INFO:werkzeug: * Restarting with watchdog (windowsapi)
WARNING:werkzeug: * Debugger is active!
INFO:werkzeug: * Debugger PIN: 428-776-401
INFO:werkzeug: * Detected change in 'C:\\Users\\cv203792\\AppData\\Local\\anaconda3\\Lib\\site-packages\\qtpy\\tests\\test_qtwidgets.py', reloading
INFO:werkzeug: * Restarting with watchdog (windowsapi)
WARNING:werkzeug: * Debugger is active!
INFO:werkzeug: * Debugger PIN: 428-776-401
INFO:werkzeug: * Detected change in 'C:\\Users\\cv203792\\AppData\\Local\\anaconda3\\Lib\\site-packages\\qtpy\\tests\\test_qtwinextras.py', reloading
INFO:werkzeug: * Restarting with watchdog (windowsapi)
WARNING:werkzeug: * Debugger is active!
INFO:werkzeug: * Debugger PIN: 428-776-401
INFO:werkzeug: * Detected change in 'C:\\Users\\cv203792\\AppData\\Local\\anaconda3\\Lib\\site-packages\\qtpy\\tests\\test_qtxml.py', reloading
INFO:werkzeug: * Restarting with watchdog (windowsapi)
WARNING:werkzeug: * Debugger is active!
INFO:werkzeug: * Debugger PIN: 428-776-401
INFO:werkzeug: * Detected change in 'C:\\Users\\cv203792\\AppData\\Local\\anaconda3\\Lib\\site-packages\\qtpy\\tests\\test_qtxmlpatterns.py', reloading
INFO:werkzeug: * Restarting with watchdog (windowsapi)
WARNING:werkzeug: * Debugger is active!
INFO:werkzeug: * Debugger PIN: 428-776-401
INFO:werkzeug: * Detected change in 'C:\\Users\\cv203792\\AppData\\Local\\anaconda3\\Lib\\site-packages\\qtpy\\tests\\test_sip.py', reloading
INFO:werkzeug: * Restarting with watchdog (windowsapi)
WARNING:werkzeug: * Debugger is active!
INFO:werkzeug: * Debugger PIN: 428-776-401
INFO:werkzeug: * Detected change in 'C:\\Users\\cv203792\\AppData\\Local\\anaconda3\\Lib\\site-packages\\qtpy\\tests\\test_uic.py', reloading
INFO:werkzeug: * Restarting with watchdog (windowsapi)
WARNING:werkzeug: * Debugger is active!
INFO:werkzeug: * Debugger PIN: 428-776-401
INFO:werkzeug: * Detected change in 'C:\\Users\\cv203792\\AppData\\Local\\anaconda3\\Lib\\site-packages\\queuelib\\tests\\test_pqueue.py', reloading
INFO:werkzeug: * Restarting with watchdog (windowsapi)
WARNING:werkzeug: * Debugger is active!
INFO:werkzeug: * Debugger PIN: 428-776-401
INFO:werkzeug: * Detected change in 'C:\\Users\\cv203792\\AppData\\Local\\anaconda3\\Lib\\site-packages\\queuelib\\tests\\test_queue.py', reloading
INFO:werkzeug: * Restarting with watchdog (windowsapi)
WARNING:werkzeug: * Debugger is active!
INFO:werkzeug: * Debugger PIN: 428-776-401
INFO:werkzeug: * Detected change in 'C:\\Users\\cv203792\\AppData\\Local\\anaconda3\\Lib\\site-packages\\queuelib\\tests\\test_rrqueue.py', reloading
INFO:werkzeug: * Restarting with watchdog (windowsapi)
WARNING:werkzeug: * Debugger is active!
INFO:werkzeug: * Debugger PIN: 428-776-401
INFO:werkzeug:[31m[1mWARNING: This is a development server. Do not use it in a production deployment. Use a production WSGI server instead.[0m
 * Running on http://127.0.0.1:5000
INFO:werkzeug:[33mPress CTRL+C to quit[0m
INFO:werkzeug: * Restarting with watchdog (windowsapi)
WARNING:werkzeug: * Debugger is active!
INFO:werkzeug: * Debugger PIN: 428-776-401
INFO:werkzeug: * Detected change in 'C:\\Users\\cv203792\\AppData\\Local\\anaconda3\\Lib\\site-packages\\repo_cli\\commands\\wizard.py', reloading
INFO:werkzeug: * Restarting with watchdog (windowsapi)
WARNING:werkzeug: * Debugger is active!
INFO:werkzeug: * Debugger PIN: 428-776-401
INFO:werkzeug: * Detected change in 'C:\\Users\\cv203792\\AppData\\Local\\anaconda3\\Lib\\site-packages\\repo_cli\\tests\\conftest.py', reloading
INFO:werkzeug: * Restarting with watchdog (windowsapi)
WARNING:werkzeug: * Debugger is active!
INFO:werkzeug: * Debugger PIN: 428-776-401
INFO:werkzeug: * Detected change in 'C:\\Users\\cv203792\\AppData\\Local\\anaconda3\\Lib\\site-packages\\repo_cli\\utils\\api.py', reloading
INFO:werkzeug: * Restarting with watchdog (windowsapi)
WARNING:werkzeug: * Debugger is active!
INFO:werkzeug: * Debugger PIN: 428-776-401
INFO:werkzeug: * Detected change in 'C:\\Users\\cv203792\\AppData\\Local\\anaconda3\\Lib\\site-packages\\repo_cli\\utils\\appdirs.py', reloading
INFO:werkzeug: * Restarting with watchdog (windowsapi)
WARNING:werkzeug: * Debugger is active!
INFO:werkzeug: * Debugger PIN: 428-776-401
INFO:werkzeug: * Detected change in 'C:\\Users\\cv203792\\AppData\\Local\\anaconda3\\Lib\\site-packages\\repo_cli\\utils\\artifacts.py', reloading
INFO:werkzeug: * Restarting with watchdog (windowsapi)
WARNING:werkzeug: * Debugger is active!
INFO:werkzeug: * Debugger PIN: 428-776-401
INFO:werkzeug: * Detected change in 'C:\\Users\\cv203792\\AppData\\Local\\anaconda3\\Lib\\site-packages\\repo_cli\\utils\\config.py', reloading
INFO:werkzeug: * Restarting with watchdog (windowsapi)
WARNING:werkzeug: * Debugger is active!
INFO:werkzeug: * Debugger PIN: 428-776-401
INFO:werkzeug: * Detected change in 'C:\\Users\\cv203792\\AppData\\Local\\anaconda3\\Lib\\site-packages\\repo_cli\\utils\\detect.py', reloading
INFO:werkzeug: * Restarting with watchdog (windowsapi)
WARNING:werkzeug: * Debugger is active!
INFO:werkzeug: * Debugger PIN: 428-776-401
INFO:werkzeug: * Detected change in 'C:\\Users\\cv203792\\AppData\\Local\\anaconda3\\Lib\\site-packages\\repo_cli\\utils\\format.py', reloading
INFO:werkzeug: * Restarting with watchdog (windowsapi)
WARNING:werkzeug: * Debugger is active!
INFO:werkzeug: * Debugger PIN: 428-776-401
INFO:werkzeug: * Detected change in 'C:\\Users\\cv203792\\AppData\\Local\\anaconda3\\Lib\\site-packages\\repo_cli\\utils\\validators.py', reloading
INFO:werkzeug: * Restarting with watchdog (windowsapi)
WARNING:werkzeug: * Debugger is active!
INFO:werkzeug: * Debugger PIN: 428-776-401
INFO:werkzeug: * Detected change in 'C:\\Users\\cv203792\\AppData\\Local\\anaconda3\\Lib\\site-packages\\repo_cli\\utils\\yaml.py', reloading
INFO:werkzeug: * Restarting with watchdog (windowsapi)
WARNING:werkzeug: * Debugger is active!
INFO:werkzeug: * Debugger PIN: 428-776-401
INFO:werkzeug: * Detected change in 'C:\\Users\\cv203792\\AppData\\Local\\anaconda3\\Lib\\site-packages\\requests_toolbelt\\adapters\\fingerprint.py', reloading
INFO:werkzeug: * Restarting with watchdog (windowsapi)
WARNING:werkzeug: * Debugger is active!
INFO:werkzeug: * Debugger PIN: 428-776-401
INFO:werkzeug: * Detected change in 'C:\\Users\\cv203792\\AppData\\Local\\anaconda3\\Lib\\site-packages\\requests_toolbelt\\adapters\\host_header_ssl.py', reloading
INFO:werkzeug: * Restarting with watchdog (windowsapi)
WARNING:werkzeug: * Debugger is active!
INFO:werkzeug: * Debugger PIN: 428-776-401
INFO:werkzeug: * Detected change in 'C:\\Users\\cv203792\\AppData\\Local\\anaconda3\\Lib\\site-packages\\requests_toolbelt\\adapters\\socket_options.py', reloading
INFO:werkzeug: * Restarting with watchdog (windowsapi)
WARNING:werkzeug: * Debugger is active!
INFO:werkzeug: * Debugger PIN: 428-776-401
INFO:werkzeug: * Detected change in 'C:\\Users\\cv203792\\AppData\\Local\\anaconda3\\Lib\\site-packages\\requests_toolbelt\\adapters\\x509.py', reloading
INFO:werkzeug: * Restarting with watchdog (windowsapi)
WARNING:werkzeug: * Debugger is active!
INFO:werkzeug: * Debugger PIN: 428-776-401
INFO:werkzeug: * Detected change in 'C:\\Users\\cv203792\\AppData\\Local\\anaconda3\\Lib\\site-packages\\requests_toolbelt\\auth\\handler.py', reloading
INFO:werkzeug: * Detected change in 'c:\\Users\\cv203792\\OneDrive - Lotus Cars\\Documents\\Apprenticeship\\Module Challenges\\02 Developing Data Projects\\Assessment\\Dashboard (Workspace)\\dashboard\\Lib\\site-packages\\pip\\_vendor\\pyparsing\\core.py', reloading
INFO:werkzeug: * Detected change in 'c:\\Users\\cv203792\\OneDrive - Lotus Cars\\Documents\\Apprenticeship\\Module Challenges\\02 Developing Data Projects\\Assessment\\Dashboard (Workspace)\\dashboard\\Lib\\site-packages\\pip\\_vendor\\packaging\\markers.py', reloading
INFO:werkzeug: * Restarting with watchdog (windowsapi)
WARNING:werkzeug: * Debugger is active!
INFO:werkzeug: * Debugger PIN: 428-776-401
INFO:werkzeug: * Detected change in 'C:\\Users\\cv203792\\AppData\\Local\\anaconda3\\Lib\\site-packages\\requests_toolbelt\\auth\\_digest_auth_compat.py', reloading
INFO:werkzeug: * Restarting with watchdog (windowsapi)
WARNING:werkzeug: * Debugger is active!
INFO:werkzeug: * Debugger PIN: 428-776-401
INFO:werkzeug: * Detected change in 'C:\\Users\\cv203792\\AppData\\Local\\anaconda3\\Lib\\site-packages\\requests_toolbelt\\cookies\\forgetful.py', reloading
INFO:werkzeug: * Restarting with watchdog (windowsapi)
WARNING:werkzeug: * Debugger is active!
INFO:werkzeug: * Debugger PIN: 428-776-401
INFO:werkzeug: * Detected change in 'C:\\Users\\cv203792\\AppData\\Local\\anaconda3\\Lib\\site-packages\\requests_toolbelt\\downloadutils\\stream.py', reloading
INFO:werkzeug: * Restarting with watchdog (windowsapi)
WARNING:werkzeug: * Debugger is active!
INFO:werkzeug: * Debugger PIN: 428-776-401
INFO:werkzeug: * Detected change in 'C:\\Users\\cv203792\\AppData\\Local\\anaconda3\\Lib\\site-packages\\requests_toolbelt\\downloadutils\\tee.py', reloading
INFO:werkzeug: * Restarting with watchdog (windowsapi)
WARNING:werkzeug: * Debugger is active!
INFO:werkzeug: * Debugger PIN: 428-776-401
INFO:werkzeug: * Detected change in 'C:\\Users\\cv203792\\AppData\\Local\\anaconda3\\Lib\\site-packages\\requests_toolbelt\\threaded\\pool.py', reloading
INFO:werkzeug: * Restarting with watchdog (windowsapi)
WARNING:werkzeug: * Debugger is active!
INFO:werkzeug: * Debugger PIN: 428-776-401
INFO:werkzeug: * Detected change in 'c:\\Users\\cv203792\\OneDrive - Lotus Cars\\Documents\\Apprenticeship\\Module Challenges\\02 Developing Data Projects\\Assessment\\Dashboard (Workspace)\\dashboard\\Lib\\site-packages\\certifi\\__main__.py', reloading
INFO:werkzeug: * Detected change in 'C:\\Users\\cv203792\\AppData\\Local\\anaconda3\\Lib\\site-packages\\requests_toolbelt\\threaded\\thread.py', reloading
INFO:werkzeug: * Detected change in 'c:\\Users\\cv203792\\OneDrive - Lotus Cars\\Documents\\Apprenticeship\\Module Challenges\\02 Developing Data Projects\\Assessment\\Dashboard (Workspace)\\dashboard\\Lib\\site-packages\\certifi\\__init__.py', reloading
INFO:werkzeug: * Detected change in 'c:\\Users\\cv203792\\OneDrive - Lotus Cars\\Documents\\Apprenticeship\\Module Challenges\\02 Developing Data Projects\\Assessment\\Dashboard (Workspace)\\dashboard\\Lib\\site-packages\\certifi\\core.py', reloading
INFO:werkzeug: * Restarting with watchdog (windowsapi)
WARNING:werkzeug: * Debugger is active!
INFO:werkzeug: * Debugger PIN: 428-776-401
INFO:werkzeug: * Detected change in 'c:\\Users\\cv203792\\OneDrive - Lotus Cars\\Documents\\Apprenticeship\\Module Challenges\\02 Developing Data Projects\\Assessment\\Dashboard (Workspace)\\dashboard\\Lib\\site-packages\\charset_normalizer\\api.py', reloading
INFO:werkzeug: * Detected change in 'c:\\Users\\cv203792\\OneDrive - Lotus Cars\\Documents\\Apprenticeship\\Module Challenges\\02 Developing Data Projects\\Assessment\\Dashboard (Workspace)\\dashboard\\Lib\\site-packages\\idna\\__init__.py', reloading
INFO:werkzeug: * Detected change in 'c:\\Users\\cv203792\\OneDrive - Lotus Cars\\Documents\\Apprenticeship\\Module Challenges\\02 Developing Data Projects\\Assessment\\Dashboard (Workspace)\\dashboard\\Lib\\site-packages\\idna\\uts46data.py', reloading
INFO:werkzeug: * Detected change in 'c:\\Users\\cv203792\\OneDrive - Lotus Cars\\Documents\\Apprenticeship\\Module Challenges\\02 Developing Data Projects\\Assessment\\Dashboard (Workspace)\\dashboard\\Lib\\site-packages\\idna\\intranges.py', reloading
INFO:werkzeug: * Detected change in 'c:\\Users\\cv203792\\OneDrive - Lotus Cars\\Documents\\Apprenticeship\\Module Challenges\\02 Developing Data Projects\\Assessment\\Dashboard (Workspace)\\dashboard\\Lib\\site-packages\\idna\\package_data.py', reloading
INFO:werkzeug: * Detected change in 'c:\\Users\\cv203792\\OneDrive - Lotus Cars\\Documents\\Apprenticeship\\Module Challenges\\02 Developing Data Projects\\Assessment\\Dashboard (Workspace)\\dashboard\\Lib\\site-packages\\idna\\idnadata.py', reloading
INFO:werkzeug: * Detected change in 'c:\\Users\\cv203792\\OneDrive - Lotus Cars\\Documents\\Apprenticeship\\Module Challenges\\02 Developing Data Projects\\Assessment\\Dashboard (Workspace)\\dashboard\\Lib\\site-packages\\idna\\core.py', reloading
INFO:werkzeug: * Detected change in 'c:\\Users\\cv203792\\OneDrive - Lotus Cars\\Documents\\Apprenticeship\\Module Challenges\\02 Developing Data Projects\\Assessment\\Dashboard (Workspace)\\dashboard\\Lib\\site-packages\\idna\\compat.py', reloading
INFO:werkzeug: * Detected change in 'c:\\Users\\cv203792\\OneDrive - Lotus Cars\\Documents\\Apprenticeship\\Module Challenges\\02 Developing Data Projects\\Assessment\\Dashboard (Workspace)\\dashboard\\Lib\\site-packages\\idna\\codec.py', reloading
INFO:werkzeug: * Restarting with watchdog (windowsapi)
WARNING:werkzeug: * Debugger is active!
INFO:werkzeug: * Debugger PIN: 428-776-401
INFO:werkzeug: * Detected change in 'c:\\Users\\cv203792\\OneDrive - Lotus Cars\\Documents\\Apprenticeship\\Module Challenges\\02 Developing Data Projects\\Assessment\\Dashboard (Workspace)\\dashboard\\Lib\\site-packages\\urllib3\\__init__.py', reloading
INFO:werkzeug: * Restarting with watchdog (windowsapi)
WARNING:werkzeug: * Debugger is active!
INFO:werkzeug: * Debugger PIN: 428-776-401
INFO:werkzeug: * Detected change in 'c:\\Users\\cv203792\\OneDrive - Lotus Cars\\Documents\\Apprenticeship\\Module Challenges\\02 Developing Data Projects\\Assessment\\Dashboard (Workspace)\\dashboard\\Lib\\site-packages\\urllib3\\filepost.py', reloading
INFO:werkzeug: * Detected change in 'c:\\Users\\cv203792\\OneDrive - Lotus Cars\\Documents\\Apprenticeship\\Module Challenges\\02 Developing Data Projects\\Assessment\\Dashboard (Workspace)\\dashboard\\Lib\\site-packages\\urllib3\\connection.py', reloading
INFO:werkzeug: * Detected change in 'c:\\Users\\cv203792\\OneDrive - Lotus Cars\\Documents\\Apprenticeship\\Module Challenges\\02 Developing Data Projects\\Assessment\\Dashboard (Workspace)\\dashboard\\Lib\\site-packages\\charset_normalizer\\cli\\__main__.py', reloading
INFO:werkzeug: * Detected change in 'c:\\Users\\cv203792\\OneDrive - Lotus Cars\\Documents\\Apprenticeship\\Module Challenges\\02 Developing Data Projects\\Assessment\\Dashboard (Workspace)\\dashboard\\Lib\\site-packages\\charset_normalizer\\cli\\__init__.py', reloading
INFO:werkzeug: * Restarting with watchdog (windowsapi)
WARNING:werkzeug: * Debugger is active!
INFO:werkzeug: * Debugger PIN: 428-776-401
INFO:werkzeug: * Detected change in 'c:\\Users\\cv203792\\OneDrive - Lotus Cars\\Documents\\Apprenticeship\\Module Challenges\\02 Developing Data Projects\\Assessment\\Dashboard (Workspace)\\dashboard\\Lib\\site-packages\\urllib3\\util\\url.py', reloading
INFO:werkzeug: * Detected change in 'c:\\Users\\cv203792\\OneDrive - Lotus Cars\\Documents\\Apprenticeship\\Module Challenges\\02 Developing Data Projects\\Assessment\\Dashboard (Workspace)\\dashboard\\Lib\\site-packages\\urllib3\\util\\timeout.py', reloading
INFO:werkzeug: * Restarting with watchdog (windowsapi)
WARNING:werkzeug: * Debugger is active!
INFO:werkzeug: * Debugger PIN: 428-776-401
INFO:werkzeug: * Detected change in 'c:\\Users\\cv203792\\OneDrive - Lotus Cars\\Documents\\Apprenticeship\\Module Challenges\\02 Developing Data Projects\\Assessment\\Dashboard (Workspace)\\dashboard\\Lib\\site-packages\\urllib3\\contrib\\emscripten\\__init__.py', reloading
INFO:werkzeug: * Detected change in 'c:\\Users\\cv203792\\OneDrive - Lotus Cars\\Documents\\Apprenticeship\\Module Challenges\\02 Developing Data Projects\\Assessment\\Dashboard (Workspace)\\dashboard\\Lib\\site-packages\\urllib3\\contrib\\emscripten\\request.py', reloading
INFO:werkzeug: * Detected change in 'c:\\Users\\cv203792\\OneDrive - Lotus Cars\\Documents\\Apprenticeship\\Module Challenges\\02 Developing Data Projects\\Assessment\\Dashboard (Workspace)\\dashboard\\Lib\\site-packages\\urllib3\\contrib\\emscripten\\fetch.py', reloading
INFO:werkzeug: * Detected change in 'c:\\Users\\cv203792\\OneDrive - Lotus Cars\\Documents\\Apprenticeship\\Module Challenges\\02 Developing Data Projects\\Assessment\\Dashboard (Workspace)\\dashboard\\Lib\\site-packages\\urllib3\\contrib\\emscripten\\response.py', reloading
INFO:werkzeug: * Restarting with watchdog (windowsapi)
INFO:werkzeug:[31m[1mWARNING: This is a development server. Do not use it in a production deployment. Use a production WSGI server instead.[0m
 * Running on http://127.0.0.1:5000
INFO:werkzeug:[33mPress CTRL+C to quit[0m
INFO:werkzeug: * Restarting with stat
WARNING:werkzeug: * Debugger is active!
INFO:werkzeug: * Debugger PIN: 428-776-401
WARNING:werkzeug: * Debugger is active!
INFO:werkzeug: * Debugger PIN: 104-453-969
INFO:werkzeug: * Detected change in 'C:\\Users\\cv203792\\AppData\\Local\\anaconda3\\Lib\\site-packages\\rope\\base\\arguments.py', reloading
INFO:werkzeug: * Restarting with watchdog (windowsapi)
WARNING:werkzeug: * Debugger is active!
INFO:werkzeug: * Debugger PIN: 428-776-401
INFO:werkzeug: * Detected change in 'C:\\Users\\cv203792\\AppData\\Local\\anaconda3\\Lib\\site-packages\\rope\\base\\ast.py', reloading
INFO:werkzeug: * Restarting with watchdog (windowsapi)
WARNING:werkzeug: * Debugger is active!
INFO:werkzeug: * Debugger PIN: 428-776-401
INFO:werkzeug: * Detected change in 'C:\\Users\\cv203792\\AppData\\Local\\anaconda3\\Lib\\site-packages\\rope\\base\\change.py', reloading
INFO:werkzeug: * Restarting with watchdog (windowsapi)
WARNING:werkzeug: * Debugger is active!
INFO:werkzeug: * Debugger PIN: 428-776-401
INFO:werkzeug: * Detected change in 'C:\\Users\\cv203792\\AppData\\Local\\anaconda3\\Lib\\site-packages\\rope\\base\\codeanalyze.py', reloading
INFO:werkzeug: * Restarting with watchdog (windowsapi)
WARNING:werkzeug: * Debugger is active!
INFO:werkzeug: * Debugger PIN: 428-776-401
INFO:werkzeug: * Detected change in 'C:\\Users\\cv203792\\AppData\\Local\\anaconda3\\Lib\\site-packages\\rope\\base\\evaluate.py', reloading
INFO:werkzeug: * Restarting with watchdog (windowsapi)
WARNING:werkzeug: * Debugger is active!
INFO:werkzeug: * Debugger PIN: 428-776-401
INFO:werkzeug: * Detected change in 'C:\\Users\\cv203792\\AppData\\Local\\anaconda3\\Lib\\site-packages\\rope\\base\\fscommands.py', reloading
INFO:werkzeug: * Restarting with watchdog (windowsapi)
WARNING:werkzeug: * Debugger is active!
INFO:werkzeug: * Debugger PIN: 428-776-401
INFO:werkzeug: * Detected change in 'C:\\Users\\cv203792\\AppData\\Local\\anaconda3\\Lib\\site-packages\\rope\\base\\history.py', reloading
INFO:werkzeug: * Restarting with watchdog (windowsapi)
WARNING:werkzeug: * Debugger is active!
INFO:werkzeug: * Debugger PIN: 428-776-401
INFO:werkzeug: * Detected change in 'C:\\Users\\cv203792\\AppData\\Local\\anaconda3\\Lib\\site-packages\\rope\\base\\nameanalyze.py', reloading
INFO:werkzeug: * Restarting with watchdog (windowsapi)
WARNING:werkzeug: * Debugger is active!
INFO:werkzeug: * Debugger PIN: 428-776-401
INFO:werkzeug: * Detected change in 'C:\\Users\\cv203792\\AppData\\Local\\anaconda3\\Lib\\site-packages\\rope\\base\\prefs.py', reloading
INFO:werkzeug: * Restarting with watchdog (windowsapi)
WARNING:werkzeug: * Debugger is active!
INFO:werkzeug: * Debugger PIN: 428-776-401
INFO:werkzeug: * Detected change in 'C:\\Users\\cv203792\\AppData\\Local\\anaconda3\\Lib\\site-packages\\rope\\base\\pycore.py', reloading
INFO:werkzeug: * Restarting with watchdog (windowsapi)
WARNING:werkzeug: * Debugger is active!
INFO:werkzeug: * Debugger PIN: 428-776-401
INFO:werkzeug: * Detected change in 'C:\\Users\\cv203792\\AppData\\Local\\anaconda3\\Lib\\site-packages\\rope\\base\\pynamesdef.py', reloading
INFO:werkzeug: * Restarting with watchdog (windowsapi)
WARNING:werkzeug: * Debugger is active!
INFO:werkzeug: * Debugger PIN: 428-776-401
INFO:werkzeug: * Detected change in 'C:\\Users\\cv203792\\AppData\\Local\\anaconda3\\Lib\\site-packages\\rope\\base\\pyobjectsdef.py', reloading
INFO:werkzeug: * Restarting with watchdog (windowsapi)
WARNING:werkzeug: * Debugger is active!
INFO:werkzeug: * Debugger PIN: 428-776-401
INFO:werkzeug: * Detected change in 'C:\\Users\\cv203792\\AppData\\Local\\anaconda3\\Lib\\site-packages\\rope\\base\\pyscopes.py', reloading
INFO:werkzeug: * Restarting with watchdog (windowsapi)
WARNING:werkzeug: * Debugger is active!
INFO:werkzeug: * Debugger PIN: 428-776-401
INFO:werkzeug: * Detected change in 'C:\\Users\\cv203792\\AppData\\Local\\anaconda3\\Lib\\site-packages\\rope\\base\\resourceobserver.py', reloading
INFO:werkzeug: * Restarting with watchdog (windowsapi)
WARNING:werkzeug: * Debugger is active!
INFO:werkzeug: * Debugger PIN: 428-776-401
INFO:werkzeug: * Detected change in 'C:\\Users\\cv203792\\AppData\\Local\\anaconda3\\Lib\\site-packages\\rope\\base\\resources.py', reloading
INFO:werkzeug: * Restarting with watchdog (windowsapi)
WARNING:werkzeug: * Debugger is active!
INFO:werkzeug: * Debugger PIN: 428-776-401
INFO:werkzeug: * Detected change in 'C:\\Users\\cv203792\\AppData\\Local\\anaconda3\\Lib\\site-packages\\rope\\base\\serializer.py', reloading
INFO:werkzeug: * Restarting with watchdog (windowsapi)
WARNING:werkzeug: * Debugger is active!
INFO:werkzeug: * Debugger PIN: 428-776-401
INFO:werkzeug: * Detected change in 'C:\\Users\\cv203792\\AppData\\Local\\anaconda3\\Lib\\site-packages\\rope\\base\\simplify.py', reloading
INFO:werkzeug: * Restarting with watchdog (windowsapi)
WARNING:werkzeug: * Debugger is active!
INFO:werkzeug: * Debugger PIN: 428-776-401
INFO:werkzeug: * Detected change in 'C:\\Users\\cv203792\\AppData\\Local\\anaconda3\\Lib\\site-packages\\rope\\base\\stdmods.py', reloading
INFO:werkzeug: * Restarting with watchdog (windowsapi)
WARNING:werkzeug: * Debugger is active!
INFO:werkzeug: * Debugger PIN: 428-776-401
INFO:werkzeug: * Detected change in 'C:\\Users\\cv203792\\AppData\\Local\\anaconda3\\Lib\\site-packages\\rope\\base\\versioning.py', reloading
INFO:werkzeug: * Restarting with watchdog (windowsapi)
WARNING:werkzeug: * Debugger is active!
INFO:werkzeug: * Debugger PIN: 428-776-401
INFO:werkzeug: * Detected change in 'C:\\Users\\cv203792\\AppData\\Local\\anaconda3\\Lib\\site-packages\\rope\\base\\__init__.py', reloading
INFO:werkzeug: * Restarting with watchdog (windowsapi)
WARNING:werkzeug: * Debugger is active!
INFO:werkzeug: * Debugger PIN: 428-776-401
INFO:werkzeug: * Detected change in 'C:\\Users\\cv203792\\AppData\\Local\\anaconda3\\Lib\\site-packages\\rope\\contrib\\codeassist.py', reloading
INFO:werkzeug: * Restarting with watchdog (windowsapi)
WARNING:werkzeug: * Debugger is active!
INFO:werkzeug: * Debugger PIN: 428-776-401
INFO:werkzeug: * Detected change in 'C:\\Users\\cv203792\\AppData\\Local\\anaconda3\\Lib\\site-packages\\rope\\contrib\\finderrors.py', reloading
INFO:werkzeug: * Restarting with watchdog (windowsapi)
WARNING:werkzeug: * Debugger is active!
INFO:werkzeug: * Debugger PIN: 428-776-401
INFO:werkzeug: * Detected change in 'C:\\Users\\cv203792\\AppData\\Local\\anaconda3\\Lib\\site-packages\\rope\\contrib\\findit.py', reloading
INFO:werkzeug: * Restarting with watchdog (windowsapi)
WARNING:werkzeug: * Debugger is active!
INFO:werkzeug: * Debugger PIN: 428-776-401
INFO:werkzeug: * Detected change in 'C:\\Users\\cv203792\\AppData\\Local\\anaconda3\\Lib\\site-packages\\rope\\contrib\\fixsyntax.py', reloading
INFO:werkzeug: * Restarting with watchdog (windowsapi)
WARNING:werkzeug: * Debugger is active!
INFO:werkzeug: * Debugger PIN: 428-776-401
INFO:werkzeug: * Detected change in 'C:\\Users\\cv203792\\AppData\\Local\\anaconda3\\Lib\\site-packages\\rope\\contrib\\__init__.py', reloading
INFO:werkzeug: * Restarting with watchdog (windowsapi)
WARNING:werkzeug: * Debugger is active!
INFO:werkzeug: * Debugger PIN: 428-776-401
INFO:werkzeug: * Detected change in 'C:\\Users\\cv203792\\AppData\\Local\\anaconda3\\Lib\\site-packages\\rope\\refactor\\encapsulate_field.py', reloading
INFO:werkzeug: * Restarting with watchdog (windowsapi)
WARNING:werkzeug: * Debugger is active!
INFO:werkzeug: * Debugger PIN: 428-776-401
INFO:werkzeug: * Detected change in 'C:\\Users\\cv203792\\AppData\\Local\\anaconda3\\Lib\\site-packages\\rope\\refactor\\extract.py', reloading
INFO:werkzeug: * Restarting with watchdog (windowsapi)
WARNING:werkzeug: * Debugger is active!
INFO:werkzeug: * Debugger PIN: 428-776-401
INFO:werkzeug: * Detected change in 'C:\\Users\\cv203792\\AppData\\Local\\anaconda3\\Lib\\site-packages\\rope\\refactor\\functionutils.py', reloading
INFO:werkzeug: * Restarting with watchdog (windowsapi)
WARNING:werkzeug: * Debugger is active!
INFO:werkzeug: * Debugger PIN: 428-776-401
INFO:werkzeug: * Detected change in 'C:\\Users\\cv203792\\AppData\\Local\\anaconda3\\Lib\\site-packages\\rope\\refactor\\introduce_factory.py', reloading
INFO:werkzeug: * Restarting with watchdog (windowsapi)
WARNING:werkzeug: * Debugger is active!
INFO:werkzeug: * Debugger PIN: 428-776-401
INFO:werkzeug: * Detected change in 'C:\\Users\\cv203792\\AppData\\Local\\anaconda3\\Lib\\site-packages\\rope\\refactor\\localtofield.py', reloading
INFO:werkzeug: * Restarting with watchdog (windowsapi)
WARNING:werkzeug: * Debugger is active!
INFO:werkzeug: * Debugger PIN: 428-776-401
INFO:werkzeug: * Detected change in 'C:\\Users\\cv203792\\AppData\\Local\\anaconda3\\Lib\\site-packages\\rope\\refactor\\move.py', reloading
INFO:werkzeug: * Restarting with watchdog (windowsapi)
WARNING:werkzeug: * Debugger is active!
INFO:werkzeug: * Debugger PIN: 428-776-401
INFO:werkzeug: * Detected change in 'C:\\Users\\cv203792\\AppData\\Local\\anaconda3\\Lib\\site-packages\\rope\\refactor\\multiproject.py', reloading
INFO:werkzeug: * Restarting with watchdog (windowsapi)
WARNING:werkzeug: * Debugger is active!
INFO:werkzeug: * Debugger PIN: 428-776-401
INFO:werkzeug: * Detected change in 'C:\\Users\\cv203792\\AppData\\Local\\anaconda3\\Lib\\site-packages\\rope\\refactor\\occurrences.py', reloading
INFO:werkzeug: * Restarting with watchdog (windowsapi)
WARNING:werkzeug: * Debugger is active!
INFO:werkzeug: * Debugger PIN: 428-776-401
INFO:werkzeug: * Detected change in 'C:\\Users\\cv203792\\AppData\\Local\\anaconda3\\Lib\\site-packages\\rope\\refactor\\rename.py', reloading
INFO:werkzeug: * Restarting with watchdog (windowsapi)
WARNING:werkzeug: * Debugger is active!
INFO:werkzeug: * Debugger PIN: 428-776-401
INFO:werkzeug: * Detected change in 'C:\\Users\\cv203792\\AppData\\Local\\anaconda3\\Lib\\site-packages\\rope\\refactor\\restructure.py', reloading
INFO:werkzeug: * Restarting with watchdog (windowsapi)
WARNING:werkzeug: * Debugger is active!
INFO:werkzeug: * Debugger PIN: 428-776-401
INFO:werkzeug: * Detected change in 'C:\\Users\\cv203792\\AppData\\Local\\anaconda3\\Lib\\site-packages\\rope\\refactor\\sourceutils.py', reloading
INFO:werkzeug: * Restarting with watchdog (windowsapi)
WARNING:werkzeug: * Debugger is active!
INFO:werkzeug: * Debugger PIN: 428-776-401
INFO:werkzeug: * Detected change in 'C:\\Users\\cv203792\\AppData\\Local\\anaconda3\\Lib\\site-packages\\rope\\refactor\\topackage.py', reloading
INFO:werkzeug: * Restarting with watchdog (windowsapi)
WARNING:werkzeug: * Debugger is active!
INFO:werkzeug: * Debugger PIN: 428-776-401
INFO:werkzeug: * Detected change in 'C:\\Users\\cv203792\\AppData\\Local\\anaconda3\\Lib\\site-packages\\rope\\refactor\\usefunction.py', reloading
INFO:werkzeug: * Restarting with watchdog (windowsapi)
WARNING:werkzeug: * Debugger is active!
INFO:werkzeug: * Debugger PIN: 428-776-401
INFO:werkzeug: * Detected change in 'C:\\Users\\cv203792\\AppData\\Local\\anaconda3\\Lib\\site-packages\\rope\\refactor\\__init__.py', reloading
INFO:werkzeug: * Restarting with watchdog (windowsapi)
WARNING:werkzeug: * Debugger is active!
INFO:werkzeug: * Debugger PIN: 428-776-401
INFO:werkzeug: * Detected change in 'C:\\Users\\cv203792\\AppData\\Local\\anaconda3\\Lib\\site-packages\\ruamel\\yaml\\anchor.py', reloading
INFO:werkzeug: * Restarting with watchdog (windowsapi)
WARNING:werkzeug: * Debugger is active!
INFO:werkzeug: * Debugger PIN: 428-776-401
INFO:werkzeug: * Detected change in 'C:\\Users\\cv203792\\AppData\\Local\\anaconda3\\Lib\\site-packages\\ruamel\\yaml\\compat.py', reloading
INFO:werkzeug: * Restarting with watchdog (windowsapi)
WARNING:werkzeug: * Debugger is active!
INFO:werkzeug: * Debugger PIN: 428-776-401
INFO:werkzeug: * Detected change in 'C:\\Users\\cv203792\\AppData\\Local\\anaconda3\\Lib\\site-packages\\ruamel\\yaml\\configobjwalker.py', reloading
INFO:werkzeug: * Restarting with watchdog (windowsapi)
WARNING:werkzeug: * Debugger is active!
INFO:werkzeug: * Debugger PIN: 428-776-401
INFO:werkzeug: * Detected change in 'C:\\Users\\cv203792\\AppData\\Local\\anaconda3\\Lib\\site-packages\\ruamel\\yaml\\constructor.py', reloading
INFO:werkzeug: * Restarting with watchdog (windowsapi)
WARNING:werkzeug: * Debugger is active!
INFO:werkzeug: * Debugger PIN: 428-776-401
INFO:werkzeug: * Detected change in 'C:\\Users\\cv203792\\AppData\\Local\\anaconda3\\Lib\\site-packages\\ruamel\\yaml\\cyaml.py', reloading
INFO:werkzeug: * Restarting with watchdog (windowsapi)
WARNING:werkzeug: * Debugger is active!
INFO:werkzeug: * Debugger PIN: 428-776-401
INFO:werkzeug: * Detected change in 'C:\\Users\\cv203792\\AppData\\Local\\anaconda3\\Lib\\site-packages\\ruamel\\yaml\\emitter.py', reloading
INFO:werkzeug: * Restarting with watchdog (windowsapi)
WARNING:werkzeug: * Debugger is active!
INFO:werkzeug: * Debugger PIN: 428-776-401
INFO:werkzeug: * Detected change in 'C:\\Users\\cv203792\\AppData\\Local\\anaconda3\\Lib\\site-packages\\ruamel\\yaml\\error.py', reloading
INFO:werkzeug: * Restarting with watchdog (windowsapi)
WARNING:werkzeug: * Debugger is active!
INFO:werkzeug: * Debugger PIN: 428-776-401
INFO:werkzeug:127.0.0.1 - - [16/Apr/2024 09:28:06] "GET / HTTP/1.1" 200 -
INFO:werkzeug:127.0.0.1 - - [16/Apr/2024 09:28:07] "GET /static/dashboard-script.js HTTP/1.1" 200 -
INFO:werkzeug:127.0.0.1 - - [16/Apr/2024 09:28:07] "GET /static/dashboard_stylesheet.css HTTP/1.1" 200 -
INFO:werkzeug:127.0.0.1 - - [16/Apr/2024 09:28:07] "GET /api/most_popular_products HTTP/1.1" 200 -
INFO:werkzeug:127.0.0.1 - - [16/Apr/2024 09:28:07] "GET /api/payment_method_popularity HTTP/1.1" 200 -
INFO:werkzeug:127.0.0.1 - - [16/Apr/2024 09:28:07] "GET /api/product_category_popularity HTTP/1.1" 200 -
INFO:werkzeug:127.0.0.1 - - [16/Apr/2024 09:28:07] "[33mGET /api/temperature_over_time HTTP/1.1[0m" 404 -
INFO:werkzeug:127.0.0.1 - - [16/Apr/2024 09:28:07] "GET /api/low_stock_levels HTTP/1.1" 200 -
INFO:werkzeug:127.0.0.1 - - [16/Apr/2024 09:28:07] "GET /api/revenue_generation HTTP/1.1" 200 -
INFO:werkzeug:127.0.0.1 - - [16/Apr/2024 09:28:07] "GET /api/orders_over_time HTTP/1.1" 200 -
INFO:werkzeug:127.0.0.1 - - [16/Apr/2024 09:28:07] "[33mGET /favicon.ico HTTP/1.1[0m" 404 -
INFO:werkzeug: * Detected change in 'C:\\Users\\cv203792\\AppData\\Local\\anaconda3\\Lib\\site-packages\\ruamel\\yaml\\loader.py', reloading
INFO:werkzeug: * Restarting with watchdog (windowsapi)
WARNING:werkzeug: * Debugger is active!
INFO:werkzeug: * Debugger PIN: 428-776-401
INFO:werkzeug: * Detected change in 'C:\\Users\\cv203792\\AppData\\Local\\anaconda3\\Lib\\site-packages\\ruamel\\yaml\\main.py', reloading
INFO:werkzeug: * Restarting with watchdog (windowsapi)
WARNING:werkzeug: * Debugger is active!
INFO:werkzeug: * Debugger PIN: 428-776-401
INFO:werkzeug: * Detected change in 'C:\\Users\\cv203792\\AppData\\Local\\anaconda3\\Lib\\site-packages\\ruamel\\yaml\\parser.py', reloading
INFO:werkzeug: * Restarting with watchdog (windowsapi)
WARNING:werkzeug: * Debugger is active!
INFO:werkzeug: * Debugger PIN: 428-776-401
INFO:werkzeug: * Detected change in 'C:\\Users\\cv203792\\AppData\\Local\\anaconda3\\Lib\\site-packages\\ruamel\\yaml\\reader.py', reloading
INFO:werkzeug: * Restarting with watchdog (windowsapi)
WARNING:werkzeug: * Debugger is active!
INFO:werkzeug: * Debugger PIN: 428-776-401
INFO:werkzeug: * Detected change in 'C:\\Users\\cv203792\\AppData\\Local\\anaconda3\\Lib\\site-packages\\ruamel\\yaml\\representer.py', reloading
INFO:werkzeug: * Restarting with watchdog (windowsapi)
WARNING:werkzeug: * Debugger is active!
INFO:werkzeug: * Debugger PIN: 428-776-401
INFO:werkzeug: * Detected change in 'C:\\Users\\cv203792\\AppData\\Local\\anaconda3\\Lib\\site-packages\\ruamel\\yaml\\resolver.py', reloading
INFO:werkzeug: * Restarting with watchdog (windowsapi)
WARNING:werkzeug: * Debugger is active!
INFO:werkzeug: * Debugger PIN: 428-776-401
INFO:werkzeug: * Detected change in 'C:\\Users\\cv203792\\AppData\\Local\\anaconda3\\Lib\\site-packages\\ruamel\\yaml\\scalarbool.py', reloading
INFO:werkzeug: * Restarting with watchdog (windowsapi)
WARNING:werkzeug: * Debugger is active!
INFO:werkzeug: * Debugger PIN: 428-776-401
INFO:werkzeug: * Detected change in 'C:\\Users\\cv203792\\AppData\\Local\\anaconda3\\Lib\\site-packages\\ruamel\\yaml\\scalarfloat.py', reloading
INFO:werkzeug: * Restarting with watchdog (windowsapi)
WARNING:werkzeug: * Debugger is active!
INFO:werkzeug: * Debugger PIN: 428-776-401
INFO:werkzeug: * Detected change in 'C:\\Users\\cv203792\\AppData\\Local\\anaconda3\\Lib\\site-packages\\ruamel\\yaml\\scalarstring.py', reloading
INFO:werkzeug: * Restarting with watchdog (windowsapi)
WARNING:werkzeug: * Debugger is active!
INFO:werkzeug: * Debugger PIN: 428-776-401
INFO:werkzeug: * Detected change in 'C:\\Users\\cv203792\\AppData\\Local\\anaconda3\\Lib\\site-packages\\ruamel\\yaml\\scanner.py', reloading
INFO:werkzeug: * Restarting with watchdog (windowsapi)
WARNING:werkzeug: * Debugger is active!
INFO:werkzeug: * Debugger PIN: 428-776-401
INFO:werkzeug: * Detected change in 'C:\\Users\\cv203792\\AppData\\Local\\anaconda3\\Lib\\site-packages\\ruamel\\yaml\\timestamp.py', reloading
INFO:werkzeug: * Restarting with watchdog (windowsapi)
WARNING:werkzeug: * Debugger is active!
INFO:werkzeug: * Debugger PIN: 428-776-401
INFO:werkzeug: * Detected change in 'C:\\Users\\cv203792\\AppData\\Local\\anaconda3\\Lib\\site-packages\\ruamel\\yaml\\tokens.py', reloading
INFO:werkzeug: * Restarting with watchdog (windowsapi)
WARNING:werkzeug: * Debugger is active!
INFO:werkzeug: * Debugger PIN: 428-776-401
INFO:werkzeug: * Detected change in 'C:\\Users\\cv203792\\AppData\\Local\\anaconda3\\Lib\\site-packages\\ruamel\\yaml\\__init__.py', reloading
INFO:werkzeug: * Restarting with watchdog (windowsapi)
WARNING:werkzeug: * Debugger is active!
INFO:werkzeug: * Debugger PIN: 428-776-401
